<?xml version="1.0" encoding="UTF-8"?>
<testsuites name="Test Suite for data driven" time="167" tests="0" failures="5" errors="0">
   <testsuite name="Test Suite for data driven" tests="0" failures="5" errors="0" time="167" timestamp="2019-03-06 18:28:43" hostname="chirag.jain - RACLAP23-COMP.ZSPL.LOCAL" id="Test Suites/Test Suite for data driven">
      <properties>
         <property name="deviceName" value=""/>
         <property name="devicePlatform" value=""/>
         <property name="logFolder" value="D:\\Katlon Studio\\KatalonData\\Reports\\Test Suite for data driven\\20190306_182840"/>
         <property name="logFiles" value="D:\\Katlon Studio\\KatalonData\\Reports\\Test Suite for data driven\\20190306_182840\\execution0.log"/>
         <property name="attachments" value="D:\\Katlon Studio\\KatalonData\\Reports\\Test Suite for data driven\\20190306_182840\\1551877189575.png, D:\\Katlon Studio\\KatalonData\\Reports\\Test Suite for data driven\\20190306_182840\\1551877239690.png, D:\\Katlon Studio\\KatalonData\\Reports\\Test Suite for data driven\\20190306_182840\\1551877288661.png"/>
         <property name="hostName" value="chirag.jain - RACLAP23-COMP.ZSPL.LOCAL"/>
         <property name="os" value="Windows 10 64bit"/>
         <property name="katalonVersion" value="5.10.1.1"/>
         <property name="browser" value="Firefox 65.0"/>
         <property name="hostAddress" value="192.168.4.30"/>
         <property name="sessionId" value="c2da6b2a-f268-4647-87f4-b4e1364b0c5a"/>
         <property name="seleniumVersion" value="3.7.1"/>
         <property name="proxyInformation" value="ProxyInformation{proxyOption=NO_PROXY, proxyServerType=HTTP, password=, proxyServerAddress=, proxyServerPort=0}"/>
         <property name="platform" value="Windows 10"/>
      </properties>
      <testcase name="Test Cases/Test1By Chirag" classname="Test Cases/Test1By Chirag" status="FAILED">
         <failure type="FAILED" message="Test Cases/Test1By Chirag FAILED.
Reason:
com.kms.katalon.core.exception.StepFailedException: Unable to set text 'alexa' of object 'Object Repository/Page_Customer Chirag/Page_Amazon.com Online Shopping for/SearchInput' (Root cause: org.openqa.selenium.WebDriverException: Failed to decode response from marionette
Build info: version: '3.7.1', revision: '8a0099a', time: '2017-11-06T21:07:36.161Z'
System info: host: 'RACLAP23-COMP', ip: '192.168.4.30', os.name: 'Windows 10', os.arch: 'amd64', os.version: '10.0', java.version: '1.8.0_181'
Driver info: com.kms.katalon.core.webui.driver.firefox.CGeckoDriver
Capabilities {acceptInsecureCerts: true, browserName: firefox, browserVersion: 65.0, javascriptEnabled: true, moz:accessibilityChecks: false, moz:geckodriverVersion: 0.23.0, moz:headless: false, moz:processID: 9428, moz:profile: C:\Users\chirag.jain\AppDat..., moz:shutdownTimeout: 60000, moz:useNonSpecCompliantPointerOrigin: false, moz:webdriverClick: true, pageLoadStrategy: normal, platform: WINDOWS, platformName: WINDOWS, platformVersion: 10.0, proxy: Proxy(direct), rotatable: false, setWindowRect: true, strictFileInteractability: false, timeouts: {implicit: 0, pageLoad: 300000, script: 30000}, unhandledPromptBehavior: dismiss and notify}
Session ID: 59943abd-4124-4563-81e9-9b72c4269054
*** Element info: {Using=xpath, value=//input[@id='twotabsearchtextbox']})
	at com.kms.katalon.core.keyword.internal.KeywordMain.stepFailed(KeywordMain.groovy:36)
	at com.kms.katalon.core.webui.keyword.internal.WebUIKeywordMain.stepFailed(WebUIKeywordMain.groovy:65)
	at com.kms.katalon.core.webui.keyword.internal.WebUIKeywordMain.runKeyword(WebUIKeywordMain.groovy:27)
	at com.kms.katalon.core.webui.keyword.builtin.SetTextKeyword.setText(SetTextKeyword.groovy:65)
	at com.kms.katalon.core.webui.keyword.builtin.SetTextKeyword.execute(SetTextKeyword.groovy:37)
	at com.kms.katalon.core.keyword.internal.KeywordExecutor.executeKeywordForPlatform(KeywordExecutor.groovy:53)
	at com.kms.katalon.core.webui.keyword.WebUiBuiltInKeywords.setText(WebUiBuiltInKeywords.groovy:950)
	at com.kms.katalon.core.webui.keyword.WebUiBuiltInKeywords$setText$1.call(Unknown Source)
	at Test1By Chirag.run(Test1By Chirag:25)
	at com.kms.katalon.core.main.ScriptEngine.run(ScriptEngine.java:194)
	at com.kms.katalon.core.main.ScriptEngine.runScriptAsRawText(ScriptEngine.java:119)
	at com.kms.katalon.core.main.TestCaseExecutor.runScript(TestCaseExecutor.java:328)
	at com.kms.katalon.core.main.TestCaseExecutor.doExecute(TestCaseExecutor.java:319)
	at com.kms.katalon.core.main.TestCaseExecutor.processExecutionPhase(TestCaseExecutor.java:298)
	at com.kms.katalon.core.main.TestCaseExecutor.accessMainPhase(TestCaseExecutor.java:290)
	at com.kms.katalon.core.main.TestCaseExecutor.execute(TestCaseExecutor.java:224)
	at com.kms.katalon.core.main.TestSuiteExecutor.accessTestCaseMainPhase(TestSuiteExecutor.java:129)
	at com.kms.katalon.core.main.TestSuiteExecutor.accessTestSuiteMainPhase(TestSuiteExecutor.java:112)
	at com.kms.katalon.core.main.TestSuiteExecutor.execute(TestSuiteExecutor.java:81)
	at com.kms.katalon.core.main.TestCaseMain.startTestSuite(TestCaseMain.java:149)
	at com.kms.katalon.core.main.TestCaseMain$startTestSuite$0.call(Unknown Source)
	at TempTestSuite1551877120751.run(TempTestSuite1551877120751.groovy:36)
"/>
         <system-out><![CDATA[2019-03-06 18:28:43 - [TEST_CASE][FAILED] - Test Cases/Test1By Chirag: Test Cases/Test1By Chirag FAILED.
Reason:
com.kms.katalon.core.exception.StepFailedException: Unable to set text 'alexa' of object 'Object Repository/Page_Customer Chirag/Page_Amazon.com Online Shopping for/SearchInput' (Root cause: org.openqa.selenium.WebDriverException: Failed to decode response from marionette
Build info: version: '3.7.1', revision: '8a0099a', time: '2017-11-06T21:07:36.161Z'
System info: host: 'RACLAP23-COMP', ip: '192.168.4.30', os.name: 'Windows 10', os.arch: 'amd64', os.version: '10.0', java.version: '1.8.0_181'
Driver info: com.kms.katalon.core.webui.driver.firefox.CGeckoDriver
Capabilities {acceptInsecureCerts: true, browserName: firefox, browserVersion: 65.0, javascriptEnabled: true, moz:accessibilityChecks: false, moz:geckodriverVersion: 0.23.0, moz:headless: false, moz:processID: 9428, moz:profile: C:\Users\chirag.jain\AppDat..., moz:shutdownTimeout: 60000, moz:useNonSpecCompliantPointerOrigin: false, moz:webdriverClick: true, pageLoadStrategy: normal, platform: WINDOWS, platformName: WINDOWS, platformVersion: 10.0, proxy: Proxy(direct), rotatable: false, setWindowRect: true, strictFileInteractability: false, timeouts: {implicit: 0, pageLoad: 300000, script: 30000}, unhandledPromptBehavior: dismiss and notify}
Session ID: 59943abd-4124-4563-81e9-9b72c4269054
*** Element info: {Using=xpath, value=//input[@id='twotabsearchtextbox']})
	at com.kms.katalon.core.keyword.internal.KeywordMain.stepFailed(KeywordMain.groovy:36)
	at com.kms.katalon.core.webui.keyword.internal.WebUIKeywordMain.stepFailed(WebUIKeywordMain.groovy:65)
	at com.kms.katalon.core.webui.keyword.internal.WebUIKeywordMain.runKeyword(WebUIKeywordMain.groovy:27)
	at com.kms.katalon.core.webui.keyword.builtin.SetTextKeyword.setText(SetTextKeyword.groovy:65)
	at com.kms.katalon.core.webui.keyword.builtin.SetTextKeyword.execute(SetTextKeyword.groovy:37)
	at com.kms.katalon.core.keyword.internal.KeywordExecutor.executeKeywordForPlatform(KeywordExecutor.groovy:53)
	at com.kms.katalon.core.webui.keyword.WebUiBuiltInKeywords.setText(WebUiBuiltInKeywords.groovy:950)
	at com.kms.katalon.core.webui.keyword.WebUiBuiltInKeywords$setText$1.call(Unknown Source)
	at Test1By Chirag.run(Test1By Chirag:25)
	at com.kms.katalon.core.main.ScriptEngine.run(ScriptEngine.java:194)
	at com.kms.katalon.core.main.ScriptEngine.runScriptAsRawText(ScriptEngine.java:119)
	at com.kms.katalon.core.main.TestCaseExecutor.runScript(TestCaseExecutor.java:328)
	at com.kms.katalon.core.main.TestCaseExecutor.doExecute(TestCaseExecutor.java:319)
	at com.kms.katalon.core.main.TestCaseExecutor.processExecutionPhase(TestCaseExecutor.java:298)
	at com.kms.katalon.core.main.TestCaseExecutor.accessMainPhase(TestCaseExecutor.java:290)
	at com.kms.katalon.core.main.TestCaseExecutor.execute(TestCaseExecutor.java:224)
	at com.kms.katalon.core.main.TestSuiteExecutor.accessTestCaseMainPhase(TestSuiteExecutor.java:129)
	at com.kms.katalon.core.main.TestSuiteExecutor.accessTestSuiteMainPhase(TestSuiteExecutor.java:112)
	at com.kms.katalon.core.main.TestSuiteExecutor.execute(TestSuiteExecutor.java:81)
	at com.kms.katalon.core.main.TestCaseMain.startTestSuite(TestCaseMain.java:149)
	at com.kms.katalon.core.main.TestCaseMain$startTestSuite$0.call(Unknown Source)
	at TempTestSuite1551877120751.run(TempTestSuite1551877120751.groovy:36)


2019-03-06 18:28:44 - [TEST_STEP][PASSED] - openBrowser("https://www.amazon.com/"): Browser is opened with url: 'https://www.amazon.com/'

2019-03-06 18:28:44 - [MESSAGE][INFO] - Starting 'Firefox' driver

2019-03-06 18:28:44 - [MESSAGE][INFO] - Action delay is set to 0 seconds

2019-03-06 18:28:56 - [MESSAGE][PASSED] - Browser is opened with url: 'https://www.amazon.com/'

2019-03-06 18:28:56 - [TEST_STEP][PASSED] - navigateToUrl("https://www.amazon.com/"): Navigate to 'https://www.amazon.com/' successfully

2019-03-06 18:28:58 - [MESSAGE][PASSED] - Navigate to 'https://www.amazon.com/' successfully

2019-03-06 18:28:58 - [TEST_STEP][FAILED] - for ([rownum = 1, rownum <= findTestData("First Test/1st").getRowNumbers(), (rownum++)]): for ([rownum = 1, rownum <= findTestData("First Test/1st").getRowNumbers(), (rownum++)]) FAILED.
Reason:
com.kms.katalon.core.exception.StepFailedException: Unable to set text 'alexa' of object 'Object Repository/Page_Customer Chirag/Page_Amazon.com Online Shopping for/SearchInput' (Root cause: org.openqa.selenium.WebDriverException: Failed to decode response from marionette
Build info: version: '3.7.1', revision: '8a0099a', time: '2017-11-06T21:07:36.161Z'
System info: host: 'RACLAP23-COMP', ip: '192.168.4.30', os.name: 'Windows 10', os.arch: 'amd64', os.version: '10.0', java.version: '1.8.0_181'
Driver info: com.kms.katalon.core.webui.driver.firefox.CGeckoDriver
Capabilities {acceptInsecureCerts: true, browserName: firefox, browserVersion: 65.0, javascriptEnabled: true, moz:accessibilityChecks: false, moz:geckodriverVersion: 0.23.0, moz:headless: false, moz:processID: 9428, moz:profile: C:\Users\chirag.jain\AppDat..., moz:shutdownTimeout: 60000, moz:useNonSpecCompliantPointerOrigin: false, moz:webdriverClick: true, pageLoadStrategy: normal, platform: WINDOWS, platformName: WINDOWS, platformVersion: 10.0, proxy: Proxy(direct), rotatable: false, setWindowRect: true, strictFileInteractability: false, timeouts: {implicit: 0, pageLoad: 300000, script: 30000}, unhandledPromptBehavior: dismiss and notify}
Session ID: 59943abd-4124-4563-81e9-9b72c4269054
*** Element info: {Using=xpath, value=//input[@id='twotabsearchtextbox']})
	at com.kms.katalon.core.keyword.internal.KeywordMain.stepFailed(KeywordMain.groovy:36)
	at com.kms.katalon.core.webui.keyword.internal.WebUIKeywordMain.stepFailed(WebUIKeywordMain.groovy:65)
	at com.kms.katalon.core.webui.keyword.internal.WebUIKeywordMain.runKeyword(WebUIKeywordMain.groovy:27)
	at com.kms.katalon.core.webui.keyword.builtin.SetTextKeyword.setText(SetTextKeyword.groovy:65)
	at com.kms.katalon.core.webui.keyword.builtin.SetTextKeyword.execute(SetTextKeyword.groovy:37)
	at com.kms.katalon.core.keyword.internal.KeywordExecutor.executeKeywordForPlatform(KeywordExecutor.groovy:53)
	at com.kms.katalon.core.webui.keyword.WebUiBuiltInKeywords.setText(WebUiBuiltInKeywords.groovy:950)
	at com.kms.katalon.core.webui.keyword.WebUiBuiltInKeywords$setText$1.call(Unknown Source)
	at Test1By Chirag.run(Test1By Chirag:25)
	at com.kms.katalon.core.main.ScriptEngine.run(ScriptEngine.java:194)
	at com.kms.katalon.core.main.ScriptEngine.runScriptAsRawText(ScriptEngine.java:119)
	at com.kms.katalon.core.main.TestCaseExecutor.runScript(TestCaseExecutor.java:328)
	at com.kms.katalon.core.main.TestCaseExecutor.doExecute(TestCaseExecutor.java:319)
	at com.kms.katalon.core.main.TestCaseExecutor.processExecutionPhase(TestCaseExecutor.java:298)
	at com.kms.katalon.core.main.TestCaseExecutor.accessMainPhase(TestCaseExecutor.java:290)
	at com.kms.katalon.core.main.TestCaseExecutor.execute(TestCaseExecutor.java:224)
	at com.kms.katalon.core.main.TestSuiteExecutor.accessTestCaseMainPhase(TestSuiteExecutor.java:129)
	at com.kms.katalon.core.main.TestSuiteExecutor.accessTestSuiteMainPhase(TestSuiteExecutor.java:112)
	at com.kms.katalon.core.main.TestSuiteExecutor.execute(TestSuiteExecutor.java:81)
	at com.kms.katalon.core.main.TestCaseMain.startTestSuite(TestCaseMain.java:149)
	at com.kms.katalon.core.main.TestCaseMain$startTestSuite$0.call(Unknown Source)
	at TempTestSuite1551877120751.run(TempTestSuite1551877120751.groovy:36)


2019-03-06 18:28:59 - [TEST_STEP][FAILED] - setText(findTestObject("Page_Customer Chirag/Page_Amazon.com Online Shopping for/SearchInput"), findTestData("First Test/1st").getValue(1, rownum)): for ([rownum = 1, rownum <= findTestData("First Test/1st").getRowNumbers(), (rownum++)]) FAILED.
Reason:
com.kms.katalon.core.exception.StepFailedException: Unable to set text 'alexa' of object 'Object Repository/Page_Customer Chirag/Page_Amazon.com Online Shopping for/SearchInput' (Root cause: org.openqa.selenium.WebDriverException: Failed to decode response from marionette
Build info: version: '3.7.1', revision: '8a0099a', time: '2017-11-06T21:07:36.161Z'
System info: host: 'RACLAP23-COMP', ip: '192.168.4.30', os.name: 'Windows 10', os.arch: 'amd64', os.version: '10.0', java.version: '1.8.0_181'
Driver info: com.kms.katalon.core.webui.driver.firefox.CGeckoDriver
Capabilities {acceptInsecureCerts: true, browserName: firefox, browserVersion: 65.0, javascriptEnabled: true, moz:accessibilityChecks: false, moz:geckodriverVersion: 0.23.0, moz:headless: false, moz:processID: 9428, moz:profile: C:\Users\chirag.jain\AppDat..., moz:shutdownTimeout: 60000, moz:useNonSpecCompliantPointerOrigin: false, moz:webdriverClick: true, pageLoadStrategy: normal, platform: WINDOWS, platformName: WINDOWS, platformVersion: 10.0, proxy: Proxy(direct), rotatable: false, setWindowRect: true, strictFileInteractability: false, timeouts: {implicit: 0, pageLoad: 300000, script: 30000}, unhandledPromptBehavior: dismiss and notify}
Session ID: 59943abd-4124-4563-81e9-9b72c4269054
*** Element info: {Using=xpath, value=//input[@id='twotabsearchtextbox']})
	at com.kms.katalon.core.keyword.internal.KeywordMain.stepFailed(KeywordMain.groovy:36)
	at com.kms.katalon.core.webui.keyword.internal.WebUIKeywordMain.stepFailed(WebUIKeywordMain.groovy:65)
	at com.kms.katalon.core.webui.keyword.internal.WebUIKeywordMain.runKeyword(WebUIKeywordMain.groovy:27)
	at com.kms.katalon.core.webui.keyword.builtin.SetTextKeyword.setText(SetTextKeyword.groovy:65)
	at com.kms.katalon.core.webui.keyword.builtin.SetTextKeyword.execute(SetTextKeyword.groovy:37)
	at com.kms.katalon.core.keyword.internal.KeywordExecutor.executeKeywordForPlatform(KeywordExecutor.groovy:53)
	at com.kms.katalon.core.webui.keyword.WebUiBuiltInKeywords.setText(WebUiBuiltInKeywords.groovy:950)
	at com.kms.katalon.core.webui.keyword.WebUiBuiltInKeywords$setText$1.call(Unknown Source)
	at Test1By Chirag.run(Test1By Chirag:25)
	at com.kms.katalon.core.main.ScriptEngine.run(ScriptEngine.java:194)
	at com.kms.katalon.core.main.ScriptEngine.runScriptAsRawText(ScriptEngine.java:119)
	at com.kms.katalon.core.main.TestCaseExecutor.runScript(TestCaseExecutor.java:328)
	at com.kms.katalon.core.main.TestCaseExecutor.doExecute(TestCaseExecutor.java:319)
	at com.kms.katalon.core.main.TestCaseExecutor.processExecutionPhase(TestCaseExecutor.java:298)
	at com.kms.katalon.core.main.TestCaseExecutor.accessMainPhase(TestCaseExecutor.java:290)
	at com.kms.katalon.core.main.TestCaseExecutor.execute(TestCaseExecutor.java:224)
	at com.kms.katalon.core.main.TestSuiteExecutor.accessTestCaseMainPhase(TestSuiteExecutor.java:129)
	at com.kms.katalon.core.main.TestSuiteExecutor.accessTestSuiteMainPhase(TestSuiteExecutor.java:112)
	at com.kms.katalon.core.main.TestSuiteExecutor.execute(TestSuiteExecutor.java:81)
	at com.kms.katalon.core.main.TestCaseMain.startTestSuite(TestCaseMain.java:149)
	at com.kms.katalon.core.main.TestCaseMain$startTestSuite$0.call(Unknown Source)
	at TempTestSuite1551877120751.run(TempTestSuite1551877120751.groovy:36)


2019-03-06 18:29:00 - [MESSAGE][WARNING] - Cannot take screenshot

2019-03-06 18:29:00 - [MESSAGE][FAILED] - Unable to set text 'alexa' of object 'Object Repository/Page_Customer Chirag/Page_Amazon.com Online Shopping for/SearchInput' (Root cause: org.openqa.selenium.WebDriverException: Failed to decode response from marionette
Build info: version: '3.7.1', revision: '8a0099a', time: '2017-11-06T21:07:36.161Z'
System info: host: 'RACLAP23-COMP', ip: '192.168.4.30', os.name: 'Windows 10', os.arch: 'amd64', os.version: '10.0', java.version: '1.8.0_181'
Driver info: com.kms.katalon.core.webui.driver.firefox.CGeckoDriver
Capabilities {acceptInsecureCerts: true, browserName: firefox, browserVersion: 65.0, javascriptEnabled: true, moz:accessibilityChecks: false, moz:geckodriverVersion: 0.23.0, moz:headless: false, moz:processID: 9428, moz:profile: C:\Users\chirag.jain\AppDat..., moz:shutdownTimeout: 60000, moz:useNonSpecCompliantPointerOrigin: false, moz:webdriverClick: true, pageLoadStrategy: normal, platform: WINDOWS, platformName: WINDOWS, platformVersion: 10.0, proxy: Proxy(direct), rotatable: false, setWindowRect: true, strictFileInteractability: false, timeouts: {implicit: 0, pageLoad: 300000, script: 30000}, unhandledPromptBehavior: dismiss and notify}
Session ID: 59943abd-4124-4563-81e9-9b72c4269054
*** Element info: {Using=xpath, value=//input[@id='twotabsearchtextbox']})

2019-03-06 18:29:00 - [MESSAGE][FAILED] - for ([rownum = 1, rownum <= findTestData("First Test/1st").getRowNumbers(), (rownum++)]) FAILED.
Reason:
com.kms.katalon.core.exception.StepFailedException: Unable to set text 'alexa' of object 'Object Repository/Page_Customer Chirag/Page_Amazon.com Online Shopping for/SearchInput' (Root cause: org.openqa.selenium.WebDriverException: Failed to decode response from marionette
Build info: version: '3.7.1', revision: '8a0099a', time: '2017-11-06T21:07:36.161Z'
System info: host: 'RACLAP23-COMP', ip: '192.168.4.30', os.name: 'Windows 10', os.arch: 'amd64', os.version: '10.0', java.version: '1.8.0_181'
Driver info: com.kms.katalon.core.webui.driver.firefox.CGeckoDriver
Capabilities {acceptInsecureCerts: true, browserName: firefox, browserVersion: 65.0, javascriptEnabled: true, moz:accessibilityChecks: false, moz:geckodriverVersion: 0.23.0, moz:headless: false, moz:processID: 9428, moz:profile: C:\Users\chirag.jain\AppDat..., moz:shutdownTimeout: 60000, moz:useNonSpecCompliantPointerOrigin: false, moz:webdriverClick: true, pageLoadStrategy: normal, platform: WINDOWS, platformName: WINDOWS, platformVersion: 10.0, proxy: Proxy(direct), rotatable: false, setWindowRect: true, strictFileInteractability: false, timeouts: {implicit: 0, pageLoad: 300000, script: 30000}, unhandledPromptBehavior: dismiss and notify}
Session ID: 59943abd-4124-4563-81e9-9b72c4269054
*** Element info: {Using=xpath, value=//input[@id='twotabsearchtextbox']})
	at com.kms.katalon.core.keyword.internal.KeywordMain.stepFailed(KeywordMain.groovy:36)
	at com.kms.katalon.core.webui.keyword.internal.WebUIKeywordMain.stepFailed(WebUIKeywordMain.groovy:65)
	at com.kms.katalon.core.webui.keyword.internal.WebUIKeywordMain.runKeyword(WebUIKeywordMain.groovy:27)
	at com.kms.katalon.core.webui.keyword.builtin.SetTextKeyword.setText(SetTextKeyword.groovy:65)
	at com.kms.katalon.core.webui.keyword.builtin.SetTextKeyword.execute(SetTextKeyword.groovy:37)
	at com.kms.katalon.core.keyword.internal.KeywordExecutor.executeKeywordForPlatform(KeywordExecutor.groovy:53)
	at com.kms.katalon.core.webui.keyword.WebUiBuiltInKeywords.setText(WebUiBuiltInKeywords.groovy:950)
	at com.kms.katalon.core.webui.keyword.WebUiBuiltInKeywords$setText$1.call(Unknown Source)
	at Test1By Chirag.run(Test1By Chirag:25)
	at com.kms.katalon.core.main.ScriptEngine.run(ScriptEngine.java:194)
	at com.kms.katalon.core.main.ScriptEngine.runScriptAsRawText(ScriptEngine.java:119)
	at com.kms.katalon.core.main.TestCaseExecutor.runScript(TestCaseExecutor.java:328)
	at com.kms.katalon.core.main.TestCaseExecutor.doExecute(TestCaseExecutor.java:319)
	at com.kms.katalon.core.main.TestCaseExecutor.processExecutionPhase(TestCaseExecutor.java:298)
	at com.kms.katalon.core.main.TestCaseExecutor.accessMainPhase(TestCaseExecutor.java:290)
	at com.kms.katalon.core.main.TestCaseExecutor.execute(TestCaseExecutor.java:224)
	at com.kms.katalon.core.main.TestSuiteExecutor.accessTestCaseMainPhase(TestSuiteExecutor.java:129)
	at com.kms.katalon.core.main.TestSuiteExecutor.accessTestSuiteMainPhase(TestSuiteExecutor.java:112)
	at com.kms.katalon.core.main.TestSuiteExecutor.execute(TestSuiteExecutor.java:81)
	at com.kms.katalon.core.main.TestCaseMain.startTestSuite(TestCaseMain.java:149)
	at com.kms.katalon.core.main.TestCaseMain$startTestSuite$0.call(Unknown Source)
	at TempTestSuite1551877120751.run(TempTestSuite1551877120751.groovy:36)]]></system-out>
         <system-err><![CDATA[2019-03-06 18:28:43 - [TEST_CASE][FAILED] - Test Cases/Test1By Chirag: Test Cases/Test1By Chirag FAILED.
Reason:
com.kms.katalon.core.exception.StepFailedException: Unable to set text 'alexa' of object 'Object Repository/Page_Customer Chirag/Page_Amazon.com Online Shopping for/SearchInput' (Root cause: org.openqa.selenium.WebDriverException: Failed to decode response from marionette
Build info: version: '3.7.1', revision: '8a0099a', time: '2017-11-06T21:07:36.161Z'
System info: host: 'RACLAP23-COMP', ip: '192.168.4.30', os.name: 'Windows 10', os.arch: 'amd64', os.version: '10.0', java.version: '1.8.0_181'
Driver info: com.kms.katalon.core.webui.driver.firefox.CGeckoDriver
Capabilities {acceptInsecureCerts: true, browserName: firefox, browserVersion: 65.0, javascriptEnabled: true, moz:accessibilityChecks: false, moz:geckodriverVersion: 0.23.0, moz:headless: false, moz:processID: 9428, moz:profile: C:\Users\chirag.jain\AppDat..., moz:shutdownTimeout: 60000, moz:useNonSpecCompliantPointerOrigin: false, moz:webdriverClick: true, pageLoadStrategy: normal, platform: WINDOWS, platformName: WINDOWS, platformVersion: 10.0, proxy: Proxy(direct), rotatable: false, setWindowRect: true, strictFileInteractability: false, timeouts: {implicit: 0, pageLoad: 300000, script: 30000}, unhandledPromptBehavior: dismiss and notify}
Session ID: 59943abd-4124-4563-81e9-9b72c4269054
*** Element info: {Using=xpath, value=//input[@id='twotabsearchtextbox']})
	at com.kms.katalon.core.keyword.internal.KeywordMain.stepFailed(KeywordMain.groovy:36)
	at com.kms.katalon.core.webui.keyword.internal.WebUIKeywordMain.stepFailed(WebUIKeywordMain.groovy:65)
	at com.kms.katalon.core.webui.keyword.internal.WebUIKeywordMain.runKeyword(WebUIKeywordMain.groovy:27)
	at com.kms.katalon.core.webui.keyword.builtin.SetTextKeyword.setText(SetTextKeyword.groovy:65)
	at com.kms.katalon.core.webui.keyword.builtin.SetTextKeyword.execute(SetTextKeyword.groovy:37)
	at com.kms.katalon.core.keyword.internal.KeywordExecutor.executeKeywordForPlatform(KeywordExecutor.groovy:53)
	at com.kms.katalon.core.webui.keyword.WebUiBuiltInKeywords.setText(WebUiBuiltInKeywords.groovy:950)
	at com.kms.katalon.core.webui.keyword.WebUiBuiltInKeywords$setText$1.call(Unknown Source)
	at Test1By Chirag.run(Test1By Chirag:25)
	at com.kms.katalon.core.main.ScriptEngine.run(ScriptEngine.java:194)
	at com.kms.katalon.core.main.ScriptEngine.runScriptAsRawText(ScriptEngine.java:119)
	at com.kms.katalon.core.main.TestCaseExecutor.runScript(TestCaseExecutor.java:328)
	at com.kms.katalon.core.main.TestCaseExecutor.doExecute(TestCaseExecutor.java:319)
	at com.kms.katalon.core.main.TestCaseExecutor.processExecutionPhase(TestCaseExecutor.java:298)
	at com.kms.katalon.core.main.TestCaseExecutor.accessMainPhase(TestCaseExecutor.java:290)
	at com.kms.katalon.core.main.TestCaseExecutor.execute(TestCaseExecutor.java:224)
	at com.kms.katalon.core.main.TestSuiteExecutor.accessTestCaseMainPhase(TestSuiteExecutor.java:129)
	at com.kms.katalon.core.main.TestSuiteExecutor.accessTestSuiteMainPhase(TestSuiteExecutor.java:112)
	at com.kms.katalon.core.main.TestSuiteExecutor.execute(TestSuiteExecutor.java:81)
	at com.kms.katalon.core.main.TestCaseMain.startTestSuite(TestCaseMain.java:149)
	at com.kms.katalon.core.main.TestCaseMain$startTestSuite$0.call(Unknown Source)
	at TempTestSuite1551877120751.run(TempTestSuite1551877120751.groovy:36)]]></system-err>
      </testcase>
      <testcase name="Test Cases/Test1By Chirag" classname="Test Cases/Test1By Chirag" status="FAILED">
         <failure type="FAILED" message="Test Cases/Test1By Chirag FAILED.
Reason:
com.kms.katalon.core.exception.StepFailedException: Unable to open browser with url: 'https://www.amazon.com/' (Root cause: org.openqa.selenium.NoSuchSessionException: Tried to run command without establishing a connection
Build info: version: '3.7.1', revision: '8a0099a', time: '2017-11-06T21:07:36.161Z'
System info: host: 'RACLAP23-COMP', ip: '192.168.4.30', os.name: 'Windows 10', os.arch: 'amd64', os.version: '10.0', java.version: '1.8.0_181'
Driver info: com.kms.katalon.core.webui.driver.firefox.CGeckoDriver
Capabilities {acceptInsecureCerts: true, browserName: firefox, browserVersion: 65.0, javascriptEnabled: true, moz:accessibilityChecks: false, moz:geckodriverVersion: 0.23.0, moz:headless: false, moz:processID: 9428, moz:profile: C:\Users\chirag.jain\AppDat..., moz:shutdownTimeout: 60000, moz:useNonSpecCompliantPointerOrigin: false, moz:webdriverClick: true, pageLoadStrategy: normal, platform: WINDOWS, platformName: WINDOWS, platformVersion: 10.0, proxy: Proxy(direct), rotatable: false, setWindowRect: true, strictFileInteractability: false, timeouts: {implicit: 0, pageLoad: 300000, script: 30000}, unhandledPromptBehavior: dismiss and notify}
Session ID: 59943abd-4124-4563-81e9-9b72c4269054)
	at com.kms.katalon.core.keyword.internal.KeywordMain.stepFailed(KeywordMain.groovy:36)
	at com.kms.katalon.core.webui.keyword.internal.WebUIKeywordMain.stepFailed(WebUIKeywordMain.groovy:65)
	at com.kms.katalon.core.webui.keyword.internal.WebUIKeywordMain.runKeyword(WebUIKeywordMain.groovy:27)
	at com.kms.katalon.core.webui.keyword.builtin.OpenBrowserKeyword.openBrowser(OpenBrowserKeyword.groovy:81)
	at com.kms.katalon.core.webui.keyword.builtin.OpenBrowserKeyword.execute(OpenBrowserKeyword.groovy:67)
	at com.kms.katalon.core.keyword.internal.KeywordExecutor.executeKeywordForPlatform(KeywordExecutor.groovy:53)
	at com.kms.katalon.core.webui.keyword.WebUiBuiltInKeywords.openBrowser(WebUiBuiltInKeywords.groovy:60)
	at com.kms.katalon.core.webui.keyword.WebUiBuiltInKeywords$openBrowser.call(Unknown Source)
	at Test1By Chirag.run(Test1By Chirag:19)
	at com.kms.katalon.core.main.ScriptEngine.run(ScriptEngine.java:194)
	at com.kms.katalon.core.main.ScriptEngine.runScriptAsRawText(ScriptEngine.java:119)
	at com.kms.katalon.core.main.TestCaseExecutor.runScript(TestCaseExecutor.java:328)
	at com.kms.katalon.core.main.TestCaseExecutor.doExecute(TestCaseExecutor.java:319)
	at com.kms.katalon.core.main.TestCaseExecutor.processExecutionPhase(TestCaseExecutor.java:298)
	at com.kms.katalon.core.main.TestCaseExecutor.accessMainPhase(TestCaseExecutor.java:290)
	at com.kms.katalon.core.main.TestCaseExecutor.execute(TestCaseExecutor.java:224)
	at com.kms.katalon.core.main.TestSuiteExecutor.accessTestCaseMainPhase(TestSuiteExecutor.java:129)
	at com.kms.katalon.core.main.TestSuiteExecutor.accessTestSuiteMainPhase(TestSuiteExecutor.java:112)
	at com.kms.katalon.core.main.TestSuiteExecutor.execute(TestSuiteExecutor.java:81)
	at com.kms.katalon.core.main.TestCaseMain.startTestSuite(TestCaseMain.java:149)
	at com.kms.katalon.core.main.TestCaseMain$startTestSuite$0.call(Unknown Source)
	at TempTestSuite1551877120751.run(TempTestSuite1551877120751.groovy:36)
"/>
         <system-out><![CDATA[2019-03-06 18:29:00 - [TEST_CASE][FAILED] - Test Cases/Test1By Chirag: Test Cases/Test1By Chirag FAILED.
Reason:
com.kms.katalon.core.exception.StepFailedException: Unable to open browser with url: 'https://www.amazon.com/' (Root cause: org.openqa.selenium.NoSuchSessionException: Tried to run command without establishing a connection
Build info: version: '3.7.1', revision: '8a0099a', time: '2017-11-06T21:07:36.161Z'
System info: host: 'RACLAP23-COMP', ip: '192.168.4.30', os.name: 'Windows 10', os.arch: 'amd64', os.version: '10.0', java.version: '1.8.0_181'
Driver info: com.kms.katalon.core.webui.driver.firefox.CGeckoDriver
Capabilities {acceptInsecureCerts: true, browserName: firefox, browserVersion: 65.0, javascriptEnabled: true, moz:accessibilityChecks: false, moz:geckodriverVersion: 0.23.0, moz:headless: false, moz:processID: 9428, moz:profile: C:\Users\chirag.jain\AppDat..., moz:shutdownTimeout: 60000, moz:useNonSpecCompliantPointerOrigin: false, moz:webdriverClick: true, pageLoadStrategy: normal, platform: WINDOWS, platformName: WINDOWS, platformVersion: 10.0, proxy: Proxy(direct), rotatable: false, setWindowRect: true, strictFileInteractability: false, timeouts: {implicit: 0, pageLoad: 300000, script: 30000}, unhandledPromptBehavior: dismiss and notify}
Session ID: 59943abd-4124-4563-81e9-9b72c4269054)
	at com.kms.katalon.core.keyword.internal.KeywordMain.stepFailed(KeywordMain.groovy:36)
	at com.kms.katalon.core.webui.keyword.internal.WebUIKeywordMain.stepFailed(WebUIKeywordMain.groovy:65)
	at com.kms.katalon.core.webui.keyword.internal.WebUIKeywordMain.runKeyword(WebUIKeywordMain.groovy:27)
	at com.kms.katalon.core.webui.keyword.builtin.OpenBrowserKeyword.openBrowser(OpenBrowserKeyword.groovy:81)
	at com.kms.katalon.core.webui.keyword.builtin.OpenBrowserKeyword.execute(OpenBrowserKeyword.groovy:67)
	at com.kms.katalon.core.keyword.internal.KeywordExecutor.executeKeywordForPlatform(KeywordExecutor.groovy:53)
	at com.kms.katalon.core.webui.keyword.WebUiBuiltInKeywords.openBrowser(WebUiBuiltInKeywords.groovy:60)
	at com.kms.katalon.core.webui.keyword.WebUiBuiltInKeywords$openBrowser.call(Unknown Source)
	at Test1By Chirag.run(Test1By Chirag:19)
	at com.kms.katalon.core.main.ScriptEngine.run(ScriptEngine.java:194)
	at com.kms.katalon.core.main.ScriptEngine.runScriptAsRawText(ScriptEngine.java:119)
	at com.kms.katalon.core.main.TestCaseExecutor.runScript(TestCaseExecutor.java:328)
	at com.kms.katalon.core.main.TestCaseExecutor.doExecute(TestCaseExecutor.java:319)
	at com.kms.katalon.core.main.TestCaseExecutor.processExecutionPhase(TestCaseExecutor.java:298)
	at com.kms.katalon.core.main.TestCaseExecutor.accessMainPhase(TestCaseExecutor.java:290)
	at com.kms.katalon.core.main.TestCaseExecutor.execute(TestCaseExecutor.java:224)
	at com.kms.katalon.core.main.TestSuiteExecutor.accessTestCaseMainPhase(TestSuiteExecutor.java:129)
	at com.kms.katalon.core.main.TestSuiteExecutor.accessTestSuiteMainPhase(TestSuiteExecutor.java:112)
	at com.kms.katalon.core.main.TestSuiteExecutor.execute(TestSuiteExecutor.java:81)
	at com.kms.katalon.core.main.TestCaseMain.startTestSuite(TestCaseMain.java:149)
	at com.kms.katalon.core.main.TestCaseMain$startTestSuite$0.call(Unknown Source)
	at TempTestSuite1551877120751.run(TempTestSuite1551877120751.groovy:36)


2019-03-06 18:29:01 - [TEST_STEP][FAILED] - openBrowser("https://www.amazon.com/"): openBrowser("https://www.amazon.com/") FAILED.
Reason:
com.kms.katalon.core.exception.StepFailedException: Unable to open browser with url: 'https://www.amazon.com/' (Root cause: org.openqa.selenium.NoSuchSessionException: Tried to run command without establishing a connection
Build info: version: '3.7.1', revision: '8a0099a', time: '2017-11-06T21:07:36.161Z'
System info: host: 'RACLAP23-COMP', ip: '192.168.4.30', os.name: 'Windows 10', os.arch: 'amd64', os.version: '10.0', java.version: '1.8.0_181'
Driver info: com.kms.katalon.core.webui.driver.firefox.CGeckoDriver
Capabilities {acceptInsecureCerts: true, browserName: firefox, browserVersion: 65.0, javascriptEnabled: true, moz:accessibilityChecks: false, moz:geckodriverVersion: 0.23.0, moz:headless: false, moz:processID: 9428, moz:profile: C:\Users\chirag.jain\AppDat..., moz:shutdownTimeout: 60000, moz:useNonSpecCompliantPointerOrigin: false, moz:webdriverClick: true, pageLoadStrategy: normal, platform: WINDOWS, platformName: WINDOWS, platformVersion: 10.0, proxy: Proxy(direct), rotatable: false, setWindowRect: true, strictFileInteractability: false, timeouts: {implicit: 0, pageLoad: 300000, script: 30000}, unhandledPromptBehavior: dismiss and notify}
Session ID: 59943abd-4124-4563-81e9-9b72c4269054)
	at com.kms.katalon.core.keyword.internal.KeywordMain.stepFailed(KeywordMain.groovy:36)
	at com.kms.katalon.core.webui.keyword.internal.WebUIKeywordMain.stepFailed(WebUIKeywordMain.groovy:65)
	at com.kms.katalon.core.webui.keyword.internal.WebUIKeywordMain.runKeyword(WebUIKeywordMain.groovy:27)
	at com.kms.katalon.core.webui.keyword.builtin.OpenBrowserKeyword.openBrowser(OpenBrowserKeyword.groovy:81)
	at com.kms.katalon.core.webui.keyword.builtin.OpenBrowserKeyword.execute(OpenBrowserKeyword.groovy:67)
	at com.kms.katalon.core.keyword.internal.KeywordExecutor.executeKeywordForPlatform(KeywordExecutor.groovy:53)
	at com.kms.katalon.core.webui.keyword.WebUiBuiltInKeywords.openBrowser(WebUiBuiltInKeywords.groovy:60)
	at com.kms.katalon.core.webui.keyword.WebUiBuiltInKeywords$openBrowser.call(Unknown Source)
	at Test1By Chirag.run(Test1By Chirag:19)
	at com.kms.katalon.core.main.ScriptEngine.run(ScriptEngine.java:194)
	at com.kms.katalon.core.main.ScriptEngine.runScriptAsRawText(ScriptEngine.java:119)
	at com.kms.katalon.core.main.TestCaseExecutor.runScript(TestCaseExecutor.java:328)
	at com.kms.katalon.core.main.TestCaseExecutor.doExecute(TestCaseExecutor.java:319)
	at com.kms.katalon.core.main.TestCaseExecutor.processExecutionPhase(TestCaseExecutor.java:298)
	at com.kms.katalon.core.main.TestCaseExecutor.accessMainPhase(TestCaseExecutor.java:290)
	at com.kms.katalon.core.main.TestCaseExecutor.execute(TestCaseExecutor.java:224)
	at com.kms.katalon.core.main.TestSuiteExecutor.accessTestCaseMainPhase(TestSuiteExecutor.java:129)
	at com.kms.katalon.core.main.TestSuiteExecutor.accessTestSuiteMainPhase(TestSuiteExecutor.java:112)
	at com.kms.katalon.core.main.TestSuiteExecutor.execute(TestSuiteExecutor.java:81)
	at com.kms.katalon.core.main.TestCaseMain.startTestSuite(TestCaseMain.java:149)
	at com.kms.katalon.core.main.TestCaseMain$startTestSuite$0.call(Unknown Source)
	at TempTestSuite1551877120751.run(TempTestSuite1551877120751.groovy:36)


2019-03-06 18:29:01 - [MESSAGE][WARNING] - A browser is already opened. Closing browser and opening a new one

2019-03-06 18:29:01 - [MESSAGE][FAILED] - Unable to open browser with url: 'https://www.amazon.com/' (Root cause: org.openqa.selenium.NoSuchSessionException: Tried to run command without establishing a connection
Build info: version: '3.7.1', revision: '8a0099a', time: '2017-11-06T21:07:36.161Z'
System info: host: 'RACLAP23-COMP', ip: '192.168.4.30', os.name: 'Windows 10', os.arch: 'amd64', os.version: '10.0', java.version: '1.8.0_181'
Driver info: com.kms.katalon.core.webui.driver.firefox.CGeckoDriver
Capabilities {acceptInsecureCerts: true, browserName: firefox, browserVersion: 65.0, javascriptEnabled: true, moz:accessibilityChecks: false, moz:geckodriverVersion: 0.23.0, moz:headless: false, moz:processID: 9428, moz:profile: C:\Users\chirag.jain\AppDat..., moz:shutdownTimeout: 60000, moz:useNonSpecCompliantPointerOrigin: false, moz:webdriverClick: true, pageLoadStrategy: normal, platform: WINDOWS, platformName: WINDOWS, platformVersion: 10.0, proxy: Proxy(direct), rotatable: false, setWindowRect: true, strictFileInteractability: false, timeouts: {implicit: 0, pageLoad: 300000, script: 30000}, unhandledPromptBehavior: dismiss and notify}
Session ID: 59943abd-4124-4563-81e9-9b72c4269054)

2019-03-06 18:29:01 - [MESSAGE][FAILED] - openBrowser("https://www.amazon.com/") FAILED.
Reason:
com.kms.katalon.core.exception.StepFailedException: Unable to open browser with url: 'https://www.amazon.com/' (Root cause: org.openqa.selenium.NoSuchSessionException: Tried to run command without establishing a connection
Build info: version: '3.7.1', revision: '8a0099a', time: '2017-11-06T21:07:36.161Z'
System info: host: 'RACLAP23-COMP', ip: '192.168.4.30', os.name: 'Windows 10', os.arch: 'amd64', os.version: '10.0', java.version: '1.8.0_181'
Driver info: com.kms.katalon.core.webui.driver.firefox.CGeckoDriver
Capabilities {acceptInsecureCerts: true, browserName: firefox, browserVersion: 65.0, javascriptEnabled: true, moz:accessibilityChecks: false, moz:geckodriverVersion: 0.23.0, moz:headless: false, moz:processID: 9428, moz:profile: C:\Users\chirag.jain\AppDat..., moz:shutdownTimeout: 60000, moz:useNonSpecCompliantPointerOrigin: false, moz:webdriverClick: true, pageLoadStrategy: normal, platform: WINDOWS, platformName: WINDOWS, platformVersion: 10.0, proxy: Proxy(direct), rotatable: false, setWindowRect: true, strictFileInteractability: false, timeouts: {implicit: 0, pageLoad: 300000, script: 30000}, unhandledPromptBehavior: dismiss and notify}
Session ID: 59943abd-4124-4563-81e9-9b72c4269054)
	at com.kms.katalon.core.keyword.internal.KeywordMain.stepFailed(KeywordMain.groovy:36)
	at com.kms.katalon.core.webui.keyword.internal.WebUIKeywordMain.stepFailed(WebUIKeywordMain.groovy:65)
	at com.kms.katalon.core.webui.keyword.internal.WebUIKeywordMain.runKeyword(WebUIKeywordMain.groovy:27)
	at com.kms.katalon.core.webui.keyword.builtin.OpenBrowserKeyword.openBrowser(OpenBrowserKeyword.groovy:81)
	at com.kms.katalon.core.webui.keyword.builtin.OpenBrowserKeyword.execute(OpenBrowserKeyword.groovy:67)
	at com.kms.katalon.core.keyword.internal.KeywordExecutor.executeKeywordForPlatform(KeywordExecutor.groovy:53)
	at com.kms.katalon.core.webui.keyword.WebUiBuiltInKeywords.openBrowser(WebUiBuiltInKeywords.groovy:60)
	at com.kms.katalon.core.webui.keyword.WebUiBuiltInKeywords$openBrowser.call(Unknown Source)
	at Test1By Chirag.run(Test1By Chirag:19)
	at com.kms.katalon.core.main.ScriptEngine.run(ScriptEngine.java:194)
	at com.kms.katalon.core.main.ScriptEngine.runScriptAsRawText(ScriptEngine.java:119)
	at com.kms.katalon.core.main.TestCaseExecutor.runScript(TestCaseExecutor.java:328)
	at com.kms.katalon.core.main.TestCaseExecutor.doExecute(TestCaseExecutor.java:319)
	at com.kms.katalon.core.main.TestCaseExecutor.processExecutionPhase(TestCaseExecutor.java:298)
	at com.kms.katalon.core.main.TestCaseExecutor.accessMainPhase(TestCaseExecutor.java:290)
	at com.kms.katalon.core.main.TestCaseExecutor.execute(TestCaseExecutor.java:224)
	at com.kms.katalon.core.main.TestSuiteExecutor.accessTestCaseMainPhase(TestSuiteExecutor.java:129)
	at com.kms.katalon.core.main.TestSuiteExecutor.accessTestSuiteMainPhase(TestSuiteExecutor.java:112)
	at com.kms.katalon.core.main.TestSuiteExecutor.execute(TestSuiteExecutor.java:81)
	at com.kms.katalon.core.main.TestCaseMain.startTestSuite(TestCaseMain.java:149)
	at com.kms.katalon.core.main.TestCaseMain$startTestSuite$0.call(Unknown Source)
	at TempTestSuite1551877120751.run(TempTestSuite1551877120751.groovy:36)]]></system-out>
         <system-err><![CDATA[2019-03-06 18:29:00 - [TEST_CASE][FAILED] - Test Cases/Test1By Chirag: Test Cases/Test1By Chirag FAILED.
Reason:
com.kms.katalon.core.exception.StepFailedException: Unable to open browser with url: 'https://www.amazon.com/' (Root cause: org.openqa.selenium.NoSuchSessionException: Tried to run command without establishing a connection
Build info: version: '3.7.1', revision: '8a0099a', time: '2017-11-06T21:07:36.161Z'
System info: host: 'RACLAP23-COMP', ip: '192.168.4.30', os.name: 'Windows 10', os.arch: 'amd64', os.version: '10.0', java.version: '1.8.0_181'
Driver info: com.kms.katalon.core.webui.driver.firefox.CGeckoDriver
Capabilities {acceptInsecureCerts: true, browserName: firefox, browserVersion: 65.0, javascriptEnabled: true, moz:accessibilityChecks: false, moz:geckodriverVersion: 0.23.0, moz:headless: false, moz:processID: 9428, moz:profile: C:\Users\chirag.jain\AppDat..., moz:shutdownTimeout: 60000, moz:useNonSpecCompliantPointerOrigin: false, moz:webdriverClick: true, pageLoadStrategy: normal, platform: WINDOWS, platformName: WINDOWS, platformVersion: 10.0, proxy: Proxy(direct), rotatable: false, setWindowRect: true, strictFileInteractability: false, timeouts: {implicit: 0, pageLoad: 300000, script: 30000}, unhandledPromptBehavior: dismiss and notify}
Session ID: 59943abd-4124-4563-81e9-9b72c4269054)
	at com.kms.katalon.core.keyword.internal.KeywordMain.stepFailed(KeywordMain.groovy:36)
	at com.kms.katalon.core.webui.keyword.internal.WebUIKeywordMain.stepFailed(WebUIKeywordMain.groovy:65)
	at com.kms.katalon.core.webui.keyword.internal.WebUIKeywordMain.runKeyword(WebUIKeywordMain.groovy:27)
	at com.kms.katalon.core.webui.keyword.builtin.OpenBrowserKeyword.openBrowser(OpenBrowserKeyword.groovy:81)
	at com.kms.katalon.core.webui.keyword.builtin.OpenBrowserKeyword.execute(OpenBrowserKeyword.groovy:67)
	at com.kms.katalon.core.keyword.internal.KeywordExecutor.executeKeywordForPlatform(KeywordExecutor.groovy:53)
	at com.kms.katalon.core.webui.keyword.WebUiBuiltInKeywords.openBrowser(WebUiBuiltInKeywords.groovy:60)
	at com.kms.katalon.core.webui.keyword.WebUiBuiltInKeywords$openBrowser.call(Unknown Source)
	at Test1By Chirag.run(Test1By Chirag:19)
	at com.kms.katalon.core.main.ScriptEngine.run(ScriptEngine.java:194)
	at com.kms.katalon.core.main.ScriptEngine.runScriptAsRawText(ScriptEngine.java:119)
	at com.kms.katalon.core.main.TestCaseExecutor.runScript(TestCaseExecutor.java:328)
	at com.kms.katalon.core.main.TestCaseExecutor.doExecute(TestCaseExecutor.java:319)
	at com.kms.katalon.core.main.TestCaseExecutor.processExecutionPhase(TestCaseExecutor.java:298)
	at com.kms.katalon.core.main.TestCaseExecutor.accessMainPhase(TestCaseExecutor.java:290)
	at com.kms.katalon.core.main.TestCaseExecutor.execute(TestCaseExecutor.java:224)
	at com.kms.katalon.core.main.TestSuiteExecutor.accessTestCaseMainPhase(TestSuiteExecutor.java:129)
	at com.kms.katalon.core.main.TestSuiteExecutor.accessTestSuiteMainPhase(TestSuiteExecutor.java:112)
	at com.kms.katalon.core.main.TestSuiteExecutor.execute(TestSuiteExecutor.java:81)
	at com.kms.katalon.core.main.TestCaseMain.startTestSuite(TestCaseMain.java:149)
	at com.kms.katalon.core.main.TestCaseMain$startTestSuite$0.call(Unknown Source)
	at TempTestSuite1551877120751.run(TempTestSuite1551877120751.groovy:36)]]></system-err>
      </testcase>
      <testcase name="Test Cases/Test1By Chirag" classname="Test Cases/Test1By Chirag" status="FAILED">
         <failure type="FAILED" message="Test Cases/Test1By Chirag FAILED.
Reason:
com.kms.katalon.core.exception.StepFailedException: Unable to click on object 'Object Repository/Page_Customer Chirag/Page_Amazon.com alexa/ProductToClick' (Root cause: com.kms.katalon.core.webui.exception.WebElementNotFoundException: Web element with id: 'Object Repository/Page_Customer Chirag/Page_Amazon.com alexa/ProductToClick' located by 'By.xpath: //h2[@data-attribute = 'mhgjg' and (text() = 'Schlage Z-Wave Connect Camelot Touchscreen Deadbolt with Built-In Alarm, Satin Nickel, BE469 CAM 619, Works with Alexa via SmartThings, Wink or Iris' or . = 'Schlage Z-Wave Connect Camelot Touchscreen Deadbolt with Built-In Alarm, Satin Nickel, BE469 CAM 619, Works with Alexa via SmartThings, Wink or Iris')]' not found)
	at com.kms.katalon.core.keyword.internal.KeywordMain.stepFailed(KeywordMain.groovy:36)
	at com.kms.katalon.core.webui.keyword.internal.WebUIKeywordMain.stepFailed(WebUIKeywordMain.groovy:65)
	at com.kms.katalon.core.webui.keyword.internal.WebUIKeywordMain.runKeyword(WebUIKeywordMain.groovy:27)
	at com.kms.katalon.core.webui.keyword.builtin.ClickKeyword.click(ClickKeyword.groovy:86)
	at com.kms.katalon.core.webui.keyword.builtin.ClickKeyword.execute(ClickKeyword.groovy:67)
	at com.kms.katalon.core.keyword.internal.KeywordExecutor.executeKeywordForPlatform(KeywordExecutor.groovy:53)
	at com.kms.katalon.core.webui.keyword.WebUiBuiltInKeywords.click(WebUiBuiltInKeywords.groovy:616)
	at com.kms.katalon.core.webui.keyword.WebUiBuiltInKeywords$click$2.call(Unknown Source)
	at Test1By Chirag.run(Test1By Chirag:39)
	at com.kms.katalon.core.main.ScriptEngine.run(ScriptEngine.java:194)
	at com.kms.katalon.core.main.ScriptEngine.runScriptAsRawText(ScriptEngine.java:119)
	at com.kms.katalon.core.main.TestCaseExecutor.runScript(TestCaseExecutor.java:328)
	at com.kms.katalon.core.main.TestCaseExecutor.doExecute(TestCaseExecutor.java:319)
	at com.kms.katalon.core.main.TestCaseExecutor.processExecutionPhase(TestCaseExecutor.java:298)
	at com.kms.katalon.core.main.TestCaseExecutor.accessMainPhase(TestCaseExecutor.java:290)
	at com.kms.katalon.core.main.TestCaseExecutor.execute(TestCaseExecutor.java:224)
	at com.kms.katalon.core.main.TestSuiteExecutor.accessTestCaseMainPhase(TestSuiteExecutor.java:129)
	at com.kms.katalon.core.main.TestSuiteExecutor.accessTestSuiteMainPhase(TestSuiteExecutor.java:112)
	at com.kms.katalon.core.main.TestSuiteExecutor.execute(TestSuiteExecutor.java:81)
	at com.kms.katalon.core.main.TestCaseMain.startTestSuite(TestCaseMain.java:149)
	at com.kms.katalon.core.main.TestCaseMain$startTestSuite$0.call(Unknown Source)
	at TempTestSuite1551877120751.run(TempTestSuite1551877120751.groovy:36)
"/>
         <system-out><![CDATA[2019-03-06 18:29:01 - [TEST_CASE][FAILED] - Test Cases/Test1By Chirag: Test Cases/Test1By Chirag FAILED.
Reason:
com.kms.katalon.core.exception.StepFailedException: Unable to click on object 'Object Repository/Page_Customer Chirag/Page_Amazon.com alexa/ProductToClick' (Root cause: com.kms.katalon.core.webui.exception.WebElementNotFoundException: Web element with id: 'Object Repository/Page_Customer Chirag/Page_Amazon.com alexa/ProductToClick' located by 'By.xpath: //h2[@data-attribute = 'mhgjg' and (text() = 'Schlage Z-Wave Connect Camelot Touchscreen Deadbolt with Built-In Alarm, Satin Nickel, BE469 CAM 619, Works with Alexa via SmartThings, Wink or Iris' or . = 'Schlage Z-Wave Connect Camelot Touchscreen Deadbolt with Built-In Alarm, Satin Nickel, BE469 CAM 619, Works with Alexa via SmartThings, Wink or Iris')]' not found)
	at com.kms.katalon.core.keyword.internal.KeywordMain.stepFailed(KeywordMain.groovy:36)
	at com.kms.katalon.core.webui.keyword.internal.WebUIKeywordMain.stepFailed(WebUIKeywordMain.groovy:65)
	at com.kms.katalon.core.webui.keyword.internal.WebUIKeywordMain.runKeyword(WebUIKeywordMain.groovy:27)
	at com.kms.katalon.core.webui.keyword.builtin.ClickKeyword.click(ClickKeyword.groovy:86)
	at com.kms.katalon.core.webui.keyword.builtin.ClickKeyword.execute(ClickKeyword.groovy:67)
	at com.kms.katalon.core.keyword.internal.KeywordExecutor.executeKeywordForPlatform(KeywordExecutor.groovy:53)
	at com.kms.katalon.core.webui.keyword.WebUiBuiltInKeywords.click(WebUiBuiltInKeywords.groovy:616)
	at com.kms.katalon.core.webui.keyword.WebUiBuiltInKeywords$click$2.call(Unknown Source)
	at Test1By Chirag.run(Test1By Chirag:39)
	at com.kms.katalon.core.main.ScriptEngine.run(ScriptEngine.java:194)
	at com.kms.katalon.core.main.ScriptEngine.runScriptAsRawText(ScriptEngine.java:119)
	at com.kms.katalon.core.main.TestCaseExecutor.runScript(TestCaseExecutor.java:328)
	at com.kms.katalon.core.main.TestCaseExecutor.doExecute(TestCaseExecutor.java:319)
	at com.kms.katalon.core.main.TestCaseExecutor.processExecutionPhase(TestCaseExecutor.java:298)
	at com.kms.katalon.core.main.TestCaseExecutor.accessMainPhase(TestCaseExecutor.java:290)
	at com.kms.katalon.core.main.TestCaseExecutor.execute(TestCaseExecutor.java:224)
	at com.kms.katalon.core.main.TestSuiteExecutor.accessTestCaseMainPhase(TestSuiteExecutor.java:129)
	at com.kms.katalon.core.main.TestSuiteExecutor.accessTestSuiteMainPhase(TestSuiteExecutor.java:112)
	at com.kms.katalon.core.main.TestSuiteExecutor.execute(TestSuiteExecutor.java:81)
	at com.kms.katalon.core.main.TestCaseMain.startTestSuite(TestCaseMain.java:149)
	at com.kms.katalon.core.main.TestCaseMain$startTestSuite$0.call(Unknown Source)
	at TempTestSuite1551877120751.run(TempTestSuite1551877120751.groovy:36)


2019-03-06 18:29:01 - [TEST_STEP][PASSED] - openBrowser("https://www.amazon.com/"): Browser is opened with url: 'https://www.amazon.com/'

2019-03-06 18:29:01 - [MESSAGE][INFO] - Starting 'Firefox' driver

2019-03-06 18:29:11 - [MESSAGE][PASSED] - Browser is opened with url: 'https://www.amazon.com/'

2019-03-06 18:29:11 - [TEST_STEP][PASSED] - navigateToUrl("https://www.amazon.com/"): Navigate to 'https://www.amazon.com/' successfully

2019-03-06 18:29:12 - [MESSAGE][PASSED] - Navigate to 'https://www.amazon.com/' successfully

2019-03-06 18:29:12 - [TEST_STEP][PASSED] - for ([rownum = 1, rownum <= findTestData("First Test/1st").getRowNumbers(), (rownum++)]): null

2019-03-06 18:29:12 - [TEST_STEP][PASSED] - setText(findTestObject("Page_Customer Chirag/Page_Amazon.com Online Shopping for/SearchInput"), findTestData("First Test/1st").getValue(1, rownum)): Text 'alexa' is set on object 'Object Repository/Page_Customer Chirag/Page_Amazon.com Online Shopping for/SearchInput'

2019-03-06 18:29:12 - [MESSAGE][PASSED] - Text 'alexa' is set on object 'Object Repository/Page_Customer Chirag/Page_Amazon.com Online Shopping for/SearchInput'

2019-03-06 18:29:12 - [TEST_STEP][PASSED] - Thread.sleep(200): null

2019-03-06 18:29:12 - [TEST_STEP][PASSED] - setText(findTestObject("Page_Customer Chirag/Page_Amazon.com Online Shopping for/SearchInput"), findTestData("First Test/1st").getValue(1, rownum)): Text 'top' is set on object 'Object Repository/Page_Customer Chirag/Page_Amazon.com Online Shopping for/SearchInput'

2019-03-06 18:29:12 - [MESSAGE][PASSED] - Text 'top' is set on object 'Object Repository/Page_Customer Chirag/Page_Amazon.com Online Shopping for/SearchInput'

2019-03-06 18:29:12 - [TEST_STEP][PASSED] - Thread.sleep(200): null

2019-03-06 18:29:12 - [TEST_STEP][PASSED] - setText(findTestObject("Page_Customer Chirag/Page_Amazon.com Online Shopping for/SearchInput"), findTestData("First Test/1st").getValue(1, rownum)): Text 'tV' is set on object 'Object Repository/Page_Customer Chirag/Page_Amazon.com Online Shopping for/SearchInput'

2019-03-06 18:29:13 - [MESSAGE][PASSED] - Text 'tV' is set on object 'Object Repository/Page_Customer Chirag/Page_Amazon.com Online Shopping for/SearchInput'

2019-03-06 18:29:13 - [TEST_STEP][PASSED] - Thread.sleep(200): null

2019-03-06 18:29:13 - [TEST_STEP][PASSED] - setText(findTestObject("Page_Customer Chirag/Page_Amazon.com Online Shopping for/SearchInput"), findTestData("First Test/1st").getValue(1, rownum)): Text 'Plasma' is set on object 'Object Repository/Page_Customer Chirag/Page_Amazon.com Online Shopping for/SearchInput'

2019-03-06 18:29:13 - [MESSAGE][PASSED] - Text 'Plasma' is set on object 'Object Repository/Page_Customer Chirag/Page_Amazon.com Online Shopping for/SearchInput'

2019-03-06 18:29:13 - [TEST_STEP][PASSED] - Thread.sleep(200): null

2019-03-06 18:29:13 - [TEST_STEP][PASSED] - setText(findTestObject("Page_Customer Chirag/Page_Amazon.com Online Shopping for/SearchInput"), findTestData("First Test/1st").getValue(1, rownum)): Text 'alexa bluetooth' is set on object 'Object Repository/Page_Customer Chirag/Page_Amazon.com Online Shopping for/SearchInput'

2019-03-06 18:29:13 - [MESSAGE][PASSED] - Text 'alexa bluetooth' is set on object 'Object Repository/Page_Customer Chirag/Page_Amazon.com Online Shopping for/SearchInput'

2019-03-06 18:29:13 - [TEST_STEP][PASSED] - Thread.sleep(200): null

2019-03-06 18:29:13 - [TEST_STEP][PASSED] - click(findTestObject("Page_Customer Chirag/Page_Amazon.com alexa/SearchIcon")): Object: 'Object Repository/Page_Customer Chirag/Page_Amazon.com alexa/SearchIcon' is clicked on

2019-03-06 18:29:18 - [MESSAGE][PASSED] - Object: 'Object Repository/Page_Customer Chirag/Page_Amazon.com alexa/SearchIcon' is clicked on

2019-03-06 18:29:18 - [TEST_STEP][PASSED] - sendKeys(findTestObject(null), Keys.chord(CONTROL, "a")): Keys 'CONTROL + a' sent to object: 'tempBody'

2019-03-06 18:29:18 - [MESSAGE][WARNING] - Test object id is null

2019-03-06 18:29:18 - [MESSAGE][WARNING] - Test object with id 'Object Repository/' does not exist

2019-03-06 18:29:18 - [MESSAGE][PASSED] - Keys 'CONTROL + a' sent to object: 'tempBody'

2019-03-06 18:29:18 - [TEST_STEP][PASSED] - itemlink = modifyObjectProperty(findTestObject("Page_Customer Chirag/Page_Amazon.com alexa/ProductToClick"), "data-attribute", "equals", findTestData("First Test/1st").getValue(2, 1), true): Modify property of object successfully

2019-03-06 18:29:18 - [MESSAGE][PASSED] - Modify property of object successfully

2019-03-06 18:29:18 - [TEST_STEP][FAILED] - click(itemlink): click(itemlink) FAILED.
Reason:
com.kms.katalon.core.exception.StepFailedException: Unable to click on object 'Object Repository/Page_Customer Chirag/Page_Amazon.com alexa/ProductToClick' (Root cause: com.kms.katalon.core.webui.exception.WebElementNotFoundException: Web element with id: 'Object Repository/Page_Customer Chirag/Page_Amazon.com alexa/ProductToClick' located by 'By.xpath: //h2[@data-attribute = 'mhgjg' and (text() = 'Schlage Z-Wave Connect Camelot Touchscreen Deadbolt with Built-In Alarm, Satin Nickel, BE469 CAM 619, Works with Alexa via SmartThings, Wink or Iris' or . = 'Schlage Z-Wave Connect Camelot Touchscreen Deadbolt with Built-In Alarm, Satin Nickel, BE469 CAM 619, Works with Alexa via SmartThings, Wink or Iris')]' not found)
	at com.kms.katalon.core.keyword.internal.KeywordMain.stepFailed(KeywordMain.groovy:36)
	at com.kms.katalon.core.webui.keyword.internal.WebUIKeywordMain.stepFailed(WebUIKeywordMain.groovy:65)
	at com.kms.katalon.core.webui.keyword.internal.WebUIKeywordMain.runKeyword(WebUIKeywordMain.groovy:27)
	at com.kms.katalon.core.webui.keyword.builtin.ClickKeyword.click(ClickKeyword.groovy:86)
	at com.kms.katalon.core.webui.keyword.builtin.ClickKeyword.execute(ClickKeyword.groovy:67)
	at com.kms.katalon.core.keyword.internal.KeywordExecutor.executeKeywordForPlatform(KeywordExecutor.groovy:53)
	at com.kms.katalon.core.webui.keyword.WebUiBuiltInKeywords.click(WebUiBuiltInKeywords.groovy:616)
	at com.kms.katalon.core.webui.keyword.WebUiBuiltInKeywords$click$2.call(Unknown Source)
	at Test1By Chirag.run(Test1By Chirag:39)
	at com.kms.katalon.core.main.ScriptEngine.run(ScriptEngine.java:194)
	at com.kms.katalon.core.main.ScriptEngine.runScriptAsRawText(ScriptEngine.java:119)
	at com.kms.katalon.core.main.TestCaseExecutor.runScript(TestCaseExecutor.java:328)
	at com.kms.katalon.core.main.TestCaseExecutor.doExecute(TestCaseExecutor.java:319)
	at com.kms.katalon.core.main.TestCaseExecutor.processExecutionPhase(TestCaseExecutor.java:298)
	at com.kms.katalon.core.main.TestCaseExecutor.accessMainPhase(TestCaseExecutor.java:290)
	at com.kms.katalon.core.main.TestCaseExecutor.execute(TestCaseExecutor.java:224)
	at com.kms.katalon.core.main.TestSuiteExecutor.accessTestCaseMainPhase(TestSuiteExecutor.java:129)
	at com.kms.katalon.core.main.TestSuiteExecutor.accessTestSuiteMainPhase(TestSuiteExecutor.java:112)
	at com.kms.katalon.core.main.TestSuiteExecutor.execute(TestSuiteExecutor.java:81)
	at com.kms.katalon.core.main.TestCaseMain.startTestSuite(TestCaseMain.java:149)
	at com.kms.katalon.core.main.TestCaseMain$startTestSuite$0.call(Unknown Source)
	at TempTestSuite1551877120751.run(TempTestSuite1551877120751.groovy:36)


2019-03-06 18:29:49 - [MESSAGE][INFO] - Unable to find the element located by 'By.xpath: //h2[@data-attribute = 'mhgjg' and (text() = 'Schlage Z-Wave Connect Camelot Touchscreen Deadbolt with Built-In Alarm, Satin Nickel, BE469 CAM 619, Works with Alexa via SmartThings, Wink or Iris' or . = 'Schlage Z-Wave Connect Camelot Touchscreen Deadbolt with Built-In Alarm, Satin Nickel, BE469 CAM 619, Works with Alexa via SmartThings, Wink or Iris')]'. Please recheck the objects properties to make sure the desired element is located. 

2019-03-06 18:29:49 - [MESSAGE][FAILED] - Unable to click on object 'Object Repository/Page_Customer Chirag/Page_Amazon.com alexa/ProductToClick' (Root cause: com.kms.katalon.core.webui.exception.WebElementNotFoundException: Web element with id: 'Object Repository/Page_Customer Chirag/Page_Amazon.com alexa/ProductToClick' located by 'By.xpath: //h2[@data-attribute = 'mhgjg' and (text() = 'Schlage Z-Wave Connect Camelot Touchscreen Deadbolt with Built-In Alarm, Satin Nickel, BE469 CAM 619, Works with Alexa via SmartThings, Wink or Iris' or . = 'Schlage Z-Wave Connect Camelot Touchscreen Deadbolt with Built-In Alarm, Satin Nickel, BE469 CAM 619, Works with Alexa via SmartThings, Wink or Iris')]' not found)
[[ATTACHMENT|D:\\Katlon Studio\\KatalonData\\Reports\\Test Suite for data driven\\20190306_182840\\1551877189575.png]]

2019-03-06 18:29:49 - [MESSAGE][FAILED] - click(itemlink) FAILED.
Reason:
com.kms.katalon.core.exception.StepFailedException: Unable to click on object 'Object Repository/Page_Customer Chirag/Page_Amazon.com alexa/ProductToClick' (Root cause: com.kms.katalon.core.webui.exception.WebElementNotFoundException: Web element with id: 'Object Repository/Page_Customer Chirag/Page_Amazon.com alexa/ProductToClick' located by 'By.xpath: //h2[@data-attribute = 'mhgjg' and (text() = 'Schlage Z-Wave Connect Camelot Touchscreen Deadbolt with Built-In Alarm, Satin Nickel, BE469 CAM 619, Works with Alexa via SmartThings, Wink or Iris' or . = 'Schlage Z-Wave Connect Camelot Touchscreen Deadbolt with Built-In Alarm, Satin Nickel, BE469 CAM 619, Works with Alexa via SmartThings, Wink or Iris')]' not found)
	at com.kms.katalon.core.keyword.internal.KeywordMain.stepFailed(KeywordMain.groovy:36)
	at com.kms.katalon.core.webui.keyword.internal.WebUIKeywordMain.stepFailed(WebUIKeywordMain.groovy:65)
	at com.kms.katalon.core.webui.keyword.internal.WebUIKeywordMain.runKeyword(WebUIKeywordMain.groovy:27)
	at com.kms.katalon.core.webui.keyword.builtin.ClickKeyword.click(ClickKeyword.groovy:86)
	at com.kms.katalon.core.webui.keyword.builtin.ClickKeyword.execute(ClickKeyword.groovy:67)
	at com.kms.katalon.core.keyword.internal.KeywordExecutor.executeKeywordForPlatform(KeywordExecutor.groovy:53)
	at com.kms.katalon.core.webui.keyword.WebUiBuiltInKeywords.click(WebUiBuiltInKeywords.groovy:616)
	at com.kms.katalon.core.webui.keyword.WebUiBuiltInKeywords$click$2.call(Unknown Source)
	at Test1By Chirag.run(Test1By Chirag:39)
	at com.kms.katalon.core.main.ScriptEngine.run(ScriptEngine.java:194)
	at com.kms.katalon.core.main.ScriptEngine.runScriptAsRawText(ScriptEngine.java:119)
	at com.kms.katalon.core.main.TestCaseExecutor.runScript(TestCaseExecutor.java:328)
	at com.kms.katalon.core.main.TestCaseExecutor.doExecute(TestCaseExecutor.java:319)
	at com.kms.katalon.core.main.TestCaseExecutor.processExecutionPhase(TestCaseExecutor.java:298)
	at com.kms.katalon.core.main.TestCaseExecutor.accessMainPhase(TestCaseExecutor.java:290)
	at com.kms.katalon.core.main.TestCaseExecutor.execute(TestCaseExecutor.java:224)
	at com.kms.katalon.core.main.TestSuiteExecutor.accessTestCaseMainPhase(TestSuiteExecutor.java:129)
	at com.kms.katalon.core.main.TestSuiteExecutor.accessTestSuiteMainPhase(TestSuiteExecutor.java:112)
	at com.kms.katalon.core.main.TestSuiteExecutor.execute(TestSuiteExecutor.java:81)
	at com.kms.katalon.core.main.TestCaseMain.startTestSuite(TestCaseMain.java:149)
	at com.kms.katalon.core.main.TestCaseMain$startTestSuite$0.call(Unknown Source)
	at TempTestSuite1551877120751.run(TempTestSuite1551877120751.groovy:36)]]></system-out>
         <system-err><![CDATA[2019-03-06 18:29:01 - [TEST_CASE][FAILED] - Test Cases/Test1By Chirag: Test Cases/Test1By Chirag FAILED.
Reason:
com.kms.katalon.core.exception.StepFailedException: Unable to click on object 'Object Repository/Page_Customer Chirag/Page_Amazon.com alexa/ProductToClick' (Root cause: com.kms.katalon.core.webui.exception.WebElementNotFoundException: Web element with id: 'Object Repository/Page_Customer Chirag/Page_Amazon.com alexa/ProductToClick' located by 'By.xpath: //h2[@data-attribute = 'mhgjg' and (text() = 'Schlage Z-Wave Connect Camelot Touchscreen Deadbolt with Built-In Alarm, Satin Nickel, BE469 CAM 619, Works with Alexa via SmartThings, Wink or Iris' or . = 'Schlage Z-Wave Connect Camelot Touchscreen Deadbolt with Built-In Alarm, Satin Nickel, BE469 CAM 619, Works with Alexa via SmartThings, Wink or Iris')]' not found)
	at com.kms.katalon.core.keyword.internal.KeywordMain.stepFailed(KeywordMain.groovy:36)
	at com.kms.katalon.core.webui.keyword.internal.WebUIKeywordMain.stepFailed(WebUIKeywordMain.groovy:65)
	at com.kms.katalon.core.webui.keyword.internal.WebUIKeywordMain.runKeyword(WebUIKeywordMain.groovy:27)
	at com.kms.katalon.core.webui.keyword.builtin.ClickKeyword.click(ClickKeyword.groovy:86)
	at com.kms.katalon.core.webui.keyword.builtin.ClickKeyword.execute(ClickKeyword.groovy:67)
	at com.kms.katalon.core.keyword.internal.KeywordExecutor.executeKeywordForPlatform(KeywordExecutor.groovy:53)
	at com.kms.katalon.core.webui.keyword.WebUiBuiltInKeywords.click(WebUiBuiltInKeywords.groovy:616)
	at com.kms.katalon.core.webui.keyword.WebUiBuiltInKeywords$click$2.call(Unknown Source)
	at Test1By Chirag.run(Test1By Chirag:39)
	at com.kms.katalon.core.main.ScriptEngine.run(ScriptEngine.java:194)
	at com.kms.katalon.core.main.ScriptEngine.runScriptAsRawText(ScriptEngine.java:119)
	at com.kms.katalon.core.main.TestCaseExecutor.runScript(TestCaseExecutor.java:328)
	at com.kms.katalon.core.main.TestCaseExecutor.doExecute(TestCaseExecutor.java:319)
	at com.kms.katalon.core.main.TestCaseExecutor.processExecutionPhase(TestCaseExecutor.java:298)
	at com.kms.katalon.core.main.TestCaseExecutor.accessMainPhase(TestCaseExecutor.java:290)
	at com.kms.katalon.core.main.TestCaseExecutor.execute(TestCaseExecutor.java:224)
	at com.kms.katalon.core.main.TestSuiteExecutor.accessTestCaseMainPhase(TestSuiteExecutor.java:129)
	at com.kms.katalon.core.main.TestSuiteExecutor.accessTestSuiteMainPhase(TestSuiteExecutor.java:112)
	at com.kms.katalon.core.main.TestSuiteExecutor.execute(TestSuiteExecutor.java:81)
	at com.kms.katalon.core.main.TestCaseMain.startTestSuite(TestCaseMain.java:149)
	at com.kms.katalon.core.main.TestCaseMain$startTestSuite$0.call(Unknown Source)
	at TempTestSuite1551877120751.run(TempTestSuite1551877120751.groovy:36)]]></system-err>
      </testcase>
      <testcase name="Test Cases/Test1By Chirag" classname="Test Cases/Test1By Chirag" status="FAILED">
         <failure type="FAILED" message="Test Cases/Test1By Chirag FAILED.
Reason:
com.kms.katalon.core.exception.StepFailedException: Unable to click on object 'Object Repository/Page_Customer Chirag/Page_Amazon.com alexa/ProductToClick' (Root cause: com.kms.katalon.core.webui.exception.WebElementNotFoundException: Web element with id: 'Object Repository/Page_Customer Chirag/Page_Amazon.com alexa/ProductToClick' located by 'By.xpath: //h2[@data-attribute = 'mhgjg' and (text() = 'Schlage Z-Wave Connect Camelot Touchscreen Deadbolt with Built-In Alarm, Satin Nickel, BE469 CAM 619, Works with Alexa via SmartThings, Wink or Iris' or . = 'Schlage Z-Wave Connect Camelot Touchscreen Deadbolt with Built-In Alarm, Satin Nickel, BE469 CAM 619, Works with Alexa via SmartThings, Wink or Iris')]' not found)
	at com.kms.katalon.core.keyword.internal.KeywordMain.stepFailed(KeywordMain.groovy:36)
	at com.kms.katalon.core.webui.keyword.internal.WebUIKeywordMain.stepFailed(WebUIKeywordMain.groovy:65)
	at com.kms.katalon.core.webui.keyword.internal.WebUIKeywordMain.runKeyword(WebUIKeywordMain.groovy:27)
	at com.kms.katalon.core.webui.keyword.builtin.ClickKeyword.click(ClickKeyword.groovy:86)
	at com.kms.katalon.core.webui.keyword.builtin.ClickKeyword.execute(ClickKeyword.groovy:67)
	at com.kms.katalon.core.keyword.internal.KeywordExecutor.executeKeywordForPlatform(KeywordExecutor.groovy:53)
	at com.kms.katalon.core.webui.keyword.WebUiBuiltInKeywords.click(WebUiBuiltInKeywords.groovy:616)
	at com.kms.katalon.core.webui.keyword.WebUiBuiltInKeywords$click$2.call(Unknown Source)
	at Test1By Chirag.run(Test1By Chirag:39)
	at com.kms.katalon.core.main.ScriptEngine.run(ScriptEngine.java:194)
	at com.kms.katalon.core.main.ScriptEngine.runScriptAsRawText(ScriptEngine.java:119)
	at com.kms.katalon.core.main.TestCaseExecutor.runScript(TestCaseExecutor.java:328)
	at com.kms.katalon.core.main.TestCaseExecutor.doExecute(TestCaseExecutor.java:319)
	at com.kms.katalon.core.main.TestCaseExecutor.processExecutionPhase(TestCaseExecutor.java:298)
	at com.kms.katalon.core.main.TestCaseExecutor.accessMainPhase(TestCaseExecutor.java:290)
	at com.kms.katalon.core.main.TestCaseExecutor.execute(TestCaseExecutor.java:224)
	at com.kms.katalon.core.main.TestSuiteExecutor.accessTestCaseMainPhase(TestSuiteExecutor.java:129)
	at com.kms.katalon.core.main.TestSuiteExecutor.accessTestSuiteMainPhase(TestSuiteExecutor.java:112)
	at com.kms.katalon.core.main.TestSuiteExecutor.execute(TestSuiteExecutor.java:81)
	at com.kms.katalon.core.main.TestCaseMain.startTestSuite(TestCaseMain.java:149)
	at com.kms.katalon.core.main.TestCaseMain$startTestSuite$0.call(Unknown Source)
	at TempTestSuite1551877120751.run(TempTestSuite1551877120751.groovy:36)
"/>
         <system-out><![CDATA[2019-03-06 18:29:49 - [TEST_CASE][FAILED] - Test Cases/Test1By Chirag: Test Cases/Test1By Chirag FAILED.
Reason:
com.kms.katalon.core.exception.StepFailedException: Unable to click on object 'Object Repository/Page_Customer Chirag/Page_Amazon.com alexa/ProductToClick' (Root cause: com.kms.katalon.core.webui.exception.WebElementNotFoundException: Web element with id: 'Object Repository/Page_Customer Chirag/Page_Amazon.com alexa/ProductToClick' located by 'By.xpath: //h2[@data-attribute = 'mhgjg' and (text() = 'Schlage Z-Wave Connect Camelot Touchscreen Deadbolt with Built-In Alarm, Satin Nickel, BE469 CAM 619, Works with Alexa via SmartThings, Wink or Iris' or . = 'Schlage Z-Wave Connect Camelot Touchscreen Deadbolt with Built-In Alarm, Satin Nickel, BE469 CAM 619, Works with Alexa via SmartThings, Wink or Iris')]' not found)
	at com.kms.katalon.core.keyword.internal.KeywordMain.stepFailed(KeywordMain.groovy:36)
	at com.kms.katalon.core.webui.keyword.internal.WebUIKeywordMain.stepFailed(WebUIKeywordMain.groovy:65)
	at com.kms.katalon.core.webui.keyword.internal.WebUIKeywordMain.runKeyword(WebUIKeywordMain.groovy:27)
	at com.kms.katalon.core.webui.keyword.builtin.ClickKeyword.click(ClickKeyword.groovy:86)
	at com.kms.katalon.core.webui.keyword.builtin.ClickKeyword.execute(ClickKeyword.groovy:67)
	at com.kms.katalon.core.keyword.internal.KeywordExecutor.executeKeywordForPlatform(KeywordExecutor.groovy:53)
	at com.kms.katalon.core.webui.keyword.WebUiBuiltInKeywords.click(WebUiBuiltInKeywords.groovy:616)
	at com.kms.katalon.core.webui.keyword.WebUiBuiltInKeywords$click$2.call(Unknown Source)
	at Test1By Chirag.run(Test1By Chirag:39)
	at com.kms.katalon.core.main.ScriptEngine.run(ScriptEngine.java:194)
	at com.kms.katalon.core.main.ScriptEngine.runScriptAsRawText(ScriptEngine.java:119)
	at com.kms.katalon.core.main.TestCaseExecutor.runScript(TestCaseExecutor.java:328)
	at com.kms.katalon.core.main.TestCaseExecutor.doExecute(TestCaseExecutor.java:319)
	at com.kms.katalon.core.main.TestCaseExecutor.processExecutionPhase(TestCaseExecutor.java:298)
	at com.kms.katalon.core.main.TestCaseExecutor.accessMainPhase(TestCaseExecutor.java:290)
	at com.kms.katalon.core.main.TestCaseExecutor.execute(TestCaseExecutor.java:224)
	at com.kms.katalon.core.main.TestSuiteExecutor.accessTestCaseMainPhase(TestSuiteExecutor.java:129)
	at com.kms.katalon.core.main.TestSuiteExecutor.accessTestSuiteMainPhase(TestSuiteExecutor.java:112)
	at com.kms.katalon.core.main.TestSuiteExecutor.execute(TestSuiteExecutor.java:81)
	at com.kms.katalon.core.main.TestCaseMain.startTestSuite(TestCaseMain.java:149)
	at com.kms.katalon.core.main.TestCaseMain$startTestSuite$0.call(Unknown Source)
	at TempTestSuite1551877120751.run(TempTestSuite1551877120751.groovy:36)


2019-03-06 18:29:49 - [TEST_STEP][PASSED] - openBrowser("https://www.amazon.com/"): Browser is opened with url: 'https://www.amazon.com/'

2019-03-06 18:29:49 - [MESSAGE][WARNING] - A browser is already opened. Closing browser and opening a new one

2019-03-06 18:29:51 - [MESSAGE][INFO] - Starting 'Firefox' driver

2019-03-06 18:30:00 - [MESSAGE][PASSED] - Browser is opened with url: 'https://www.amazon.com/'

2019-03-06 18:30:00 - [TEST_STEP][PASSED] - navigateToUrl("https://www.amazon.com/"): Navigate to 'https://www.amazon.com/' successfully

2019-03-06 18:30:02 - [MESSAGE][PASSED] - Navigate to 'https://www.amazon.com/' successfully

2019-03-06 18:30:02 - [TEST_STEP][PASSED] - for ([rownum = 1, rownum <= findTestData("First Test/1st").getRowNumbers(), (rownum++)]): null

2019-03-06 18:30:02 - [TEST_STEP][PASSED] - setText(findTestObject("Page_Customer Chirag/Page_Amazon.com Online Shopping for/SearchInput"), findTestData("First Test/1st").getValue(1, rownum)): Text 'alexa' is set on object 'Object Repository/Page_Customer Chirag/Page_Amazon.com Online Shopping for/SearchInput'

2019-03-06 18:30:02 - [MESSAGE][PASSED] - Text 'alexa' is set on object 'Object Repository/Page_Customer Chirag/Page_Amazon.com Online Shopping for/SearchInput'

2019-03-06 18:30:02 - [TEST_STEP][PASSED] - Thread.sleep(200): null

2019-03-06 18:30:02 - [TEST_STEP][PASSED] - setText(findTestObject("Page_Customer Chirag/Page_Amazon.com Online Shopping for/SearchInput"), findTestData("First Test/1st").getValue(1, rownum)): Text 'top' is set on object 'Object Repository/Page_Customer Chirag/Page_Amazon.com Online Shopping for/SearchInput'

2019-03-06 18:30:02 - [MESSAGE][PASSED] - Text 'top' is set on object 'Object Repository/Page_Customer Chirag/Page_Amazon.com Online Shopping for/SearchInput'

2019-03-06 18:30:02 - [TEST_STEP][PASSED] - Thread.sleep(200): null

2019-03-06 18:30:03 - [TEST_STEP][PASSED] - setText(findTestObject("Page_Customer Chirag/Page_Amazon.com Online Shopping for/SearchInput"), findTestData("First Test/1st").getValue(1, rownum)): Text 'tV' is set on object 'Object Repository/Page_Customer Chirag/Page_Amazon.com Online Shopping for/SearchInput'

2019-03-06 18:30:03 - [MESSAGE][PASSED] - Text 'tV' is set on object 'Object Repository/Page_Customer Chirag/Page_Amazon.com Online Shopping for/SearchInput'

2019-03-06 18:30:03 - [TEST_STEP][PASSED] - Thread.sleep(200): null

2019-03-06 18:30:03 - [TEST_STEP][PASSED] - setText(findTestObject("Page_Customer Chirag/Page_Amazon.com Online Shopping for/SearchInput"), findTestData("First Test/1st").getValue(1, rownum)): Text 'Plasma' is set on object 'Object Repository/Page_Customer Chirag/Page_Amazon.com Online Shopping for/SearchInput'

2019-03-06 18:30:03 - [MESSAGE][PASSED] - Text 'Plasma' is set on object 'Object Repository/Page_Customer Chirag/Page_Amazon.com Online Shopping for/SearchInput'

2019-03-06 18:30:03 - [TEST_STEP][PASSED] - Thread.sleep(200): null

2019-03-06 18:30:03 - [TEST_STEP][PASSED] - setText(findTestObject("Page_Customer Chirag/Page_Amazon.com Online Shopping for/SearchInput"), findTestData("First Test/1st").getValue(1, rownum)): Text 'alexa bluetooth' is set on object 'Object Repository/Page_Customer Chirag/Page_Amazon.com Online Shopping for/SearchInput'

2019-03-06 18:30:03 - [MESSAGE][PASSED] - Text 'alexa bluetooth' is set on object 'Object Repository/Page_Customer Chirag/Page_Amazon.com Online Shopping for/SearchInput'

2019-03-06 18:30:03 - [TEST_STEP][PASSED] - Thread.sleep(200): null

2019-03-06 18:30:03 - [TEST_STEP][PASSED] - click(findTestObject("Page_Customer Chirag/Page_Amazon.com alexa/SearchIcon")): Object: 'Object Repository/Page_Customer Chirag/Page_Amazon.com alexa/SearchIcon' is clicked on

2019-03-06 18:30:08 - [MESSAGE][PASSED] - Object: 'Object Repository/Page_Customer Chirag/Page_Amazon.com alexa/SearchIcon' is clicked on

2019-03-06 18:30:08 - [TEST_STEP][PASSED] - sendKeys(findTestObject(null), Keys.chord(CONTROL, "a")): Keys 'CONTROL + a' sent to object: 'tempBody'

2019-03-06 18:30:08 - [MESSAGE][WARNING] - Test object id is null

2019-03-06 18:30:08 - [MESSAGE][WARNING] - Test object with id 'Object Repository/' does not exist

2019-03-06 18:30:08 - [MESSAGE][PASSED] - Keys 'CONTROL + a' sent to object: 'tempBody'

2019-03-06 18:30:08 - [TEST_STEP][PASSED] - itemlink = modifyObjectProperty(findTestObject("Page_Customer Chirag/Page_Amazon.com alexa/ProductToClick"), "data-attribute", "equals", findTestData("First Test/1st").getValue(2, 1), true): Modify property of object successfully

2019-03-06 18:30:08 - [MESSAGE][PASSED] - Modify property of object successfully

2019-03-06 18:30:08 - [TEST_STEP][FAILED] - click(itemlink): click(itemlink) FAILED.
Reason:
com.kms.katalon.core.exception.StepFailedException: Unable to click on object 'Object Repository/Page_Customer Chirag/Page_Amazon.com alexa/ProductToClick' (Root cause: com.kms.katalon.core.webui.exception.WebElementNotFoundException: Web element with id: 'Object Repository/Page_Customer Chirag/Page_Amazon.com alexa/ProductToClick' located by 'By.xpath: //h2[@data-attribute = 'mhgjg' and (text() = 'Schlage Z-Wave Connect Camelot Touchscreen Deadbolt with Built-In Alarm, Satin Nickel, BE469 CAM 619, Works with Alexa via SmartThings, Wink or Iris' or . = 'Schlage Z-Wave Connect Camelot Touchscreen Deadbolt with Built-In Alarm, Satin Nickel, BE469 CAM 619, Works with Alexa via SmartThings, Wink or Iris')]' not found)
	at com.kms.katalon.core.keyword.internal.KeywordMain.stepFailed(KeywordMain.groovy:36)
	at com.kms.katalon.core.webui.keyword.internal.WebUIKeywordMain.stepFailed(WebUIKeywordMain.groovy:65)
	at com.kms.katalon.core.webui.keyword.internal.WebUIKeywordMain.runKeyword(WebUIKeywordMain.groovy:27)
	at com.kms.katalon.core.webui.keyword.builtin.ClickKeyword.click(ClickKeyword.groovy:86)
	at com.kms.katalon.core.webui.keyword.builtin.ClickKeyword.execute(ClickKeyword.groovy:67)
	at com.kms.katalon.core.keyword.internal.KeywordExecutor.executeKeywordForPlatform(KeywordExecutor.groovy:53)
	at com.kms.katalon.core.webui.keyword.WebUiBuiltInKeywords.click(WebUiBuiltInKeywords.groovy:616)
	at com.kms.katalon.core.webui.keyword.WebUiBuiltInKeywords$click$2.call(Unknown Source)
	at Test1By Chirag.run(Test1By Chirag:39)
	at com.kms.katalon.core.main.ScriptEngine.run(ScriptEngine.java:194)
	at com.kms.katalon.core.main.ScriptEngine.runScriptAsRawText(ScriptEngine.java:119)
	at com.kms.katalon.core.main.TestCaseExecutor.runScript(TestCaseExecutor.java:328)
	at com.kms.katalon.core.main.TestCaseExecutor.doExecute(TestCaseExecutor.java:319)
	at com.kms.katalon.core.main.TestCaseExecutor.processExecutionPhase(TestCaseExecutor.java:298)
	at com.kms.katalon.core.main.TestCaseExecutor.accessMainPhase(TestCaseExecutor.java:290)
	at com.kms.katalon.core.main.TestCaseExecutor.execute(TestCaseExecutor.java:224)
	at com.kms.katalon.core.main.TestSuiteExecutor.accessTestCaseMainPhase(TestSuiteExecutor.java:129)
	at com.kms.katalon.core.main.TestSuiteExecutor.accessTestSuiteMainPhase(TestSuiteExecutor.java:112)
	at com.kms.katalon.core.main.TestSuiteExecutor.execute(TestSuiteExecutor.java:81)
	at com.kms.katalon.core.main.TestCaseMain.startTestSuite(TestCaseMain.java:149)
	at com.kms.katalon.core.main.TestCaseMain$startTestSuite$0.call(Unknown Source)
	at TempTestSuite1551877120751.run(TempTestSuite1551877120751.groovy:36)


2019-03-06 18:30:39 - [MESSAGE][INFO] - Unable to find the element located by 'By.xpath: //h2[@data-attribute = 'mhgjg' and (text() = 'Schlage Z-Wave Connect Camelot Touchscreen Deadbolt with Built-In Alarm, Satin Nickel, BE469 CAM 619, Works with Alexa via SmartThings, Wink or Iris' or . = 'Schlage Z-Wave Connect Camelot Touchscreen Deadbolt with Built-In Alarm, Satin Nickel, BE469 CAM 619, Works with Alexa via SmartThings, Wink or Iris')]'. Please recheck the objects properties to make sure the desired element is located. 

2019-03-06 18:30:39 - [MESSAGE][FAILED] - Unable to click on object 'Object Repository/Page_Customer Chirag/Page_Amazon.com alexa/ProductToClick' (Root cause: com.kms.katalon.core.webui.exception.WebElementNotFoundException: Web element with id: 'Object Repository/Page_Customer Chirag/Page_Amazon.com alexa/ProductToClick' located by 'By.xpath: //h2[@data-attribute = 'mhgjg' and (text() = 'Schlage Z-Wave Connect Camelot Touchscreen Deadbolt with Built-In Alarm, Satin Nickel, BE469 CAM 619, Works with Alexa via SmartThings, Wink or Iris' or . = 'Schlage Z-Wave Connect Camelot Touchscreen Deadbolt with Built-In Alarm, Satin Nickel, BE469 CAM 619, Works with Alexa via SmartThings, Wink or Iris')]' not found)
[[ATTACHMENT|D:\\Katlon Studio\\KatalonData\\Reports\\Test Suite for data driven\\20190306_182840\\1551877239690.png]]

2019-03-06 18:30:39 - [MESSAGE][FAILED] - click(itemlink) FAILED.
Reason:
com.kms.katalon.core.exception.StepFailedException: Unable to click on object 'Object Repository/Page_Customer Chirag/Page_Amazon.com alexa/ProductToClick' (Root cause: com.kms.katalon.core.webui.exception.WebElementNotFoundException: Web element with id: 'Object Repository/Page_Customer Chirag/Page_Amazon.com alexa/ProductToClick' located by 'By.xpath: //h2[@data-attribute = 'mhgjg' and (text() = 'Schlage Z-Wave Connect Camelot Touchscreen Deadbolt with Built-In Alarm, Satin Nickel, BE469 CAM 619, Works with Alexa via SmartThings, Wink or Iris' or . = 'Schlage Z-Wave Connect Camelot Touchscreen Deadbolt with Built-In Alarm, Satin Nickel, BE469 CAM 619, Works with Alexa via SmartThings, Wink or Iris')]' not found)
	at com.kms.katalon.core.keyword.internal.KeywordMain.stepFailed(KeywordMain.groovy:36)
	at com.kms.katalon.core.webui.keyword.internal.WebUIKeywordMain.stepFailed(WebUIKeywordMain.groovy:65)
	at com.kms.katalon.core.webui.keyword.internal.WebUIKeywordMain.runKeyword(WebUIKeywordMain.groovy:27)
	at com.kms.katalon.core.webui.keyword.builtin.ClickKeyword.click(ClickKeyword.groovy:86)
	at com.kms.katalon.core.webui.keyword.builtin.ClickKeyword.execute(ClickKeyword.groovy:67)
	at com.kms.katalon.core.keyword.internal.KeywordExecutor.executeKeywordForPlatform(KeywordExecutor.groovy:53)
	at com.kms.katalon.core.webui.keyword.WebUiBuiltInKeywords.click(WebUiBuiltInKeywords.groovy:616)
	at com.kms.katalon.core.webui.keyword.WebUiBuiltInKeywords$click$2.call(Unknown Source)
	at Test1By Chirag.run(Test1By Chirag:39)
	at com.kms.katalon.core.main.ScriptEngine.run(ScriptEngine.java:194)
	at com.kms.katalon.core.main.ScriptEngine.runScriptAsRawText(ScriptEngine.java:119)
	at com.kms.katalon.core.main.TestCaseExecutor.runScript(TestCaseExecutor.java:328)
	at com.kms.katalon.core.main.TestCaseExecutor.doExecute(TestCaseExecutor.java:319)
	at com.kms.katalon.core.main.TestCaseExecutor.processExecutionPhase(TestCaseExecutor.java:298)
	at com.kms.katalon.core.main.TestCaseExecutor.accessMainPhase(TestCaseExecutor.java:290)
	at com.kms.katalon.core.main.TestCaseExecutor.execute(TestCaseExecutor.java:224)
	at com.kms.katalon.core.main.TestSuiteExecutor.accessTestCaseMainPhase(TestSuiteExecutor.java:129)
	at com.kms.katalon.core.main.TestSuiteExecutor.accessTestSuiteMainPhase(TestSuiteExecutor.java:112)
	at com.kms.katalon.core.main.TestSuiteExecutor.execute(TestSuiteExecutor.java:81)
	at com.kms.katalon.core.main.TestCaseMain.startTestSuite(TestCaseMain.java:149)
	at com.kms.katalon.core.main.TestCaseMain$startTestSuite$0.call(Unknown Source)
	at TempTestSuite1551877120751.run(TempTestSuite1551877120751.groovy:36)]]></system-out>
         <system-err><![CDATA[2019-03-06 18:29:49 - [TEST_CASE][FAILED] - Test Cases/Test1By Chirag: Test Cases/Test1By Chirag FAILED.
Reason:
com.kms.katalon.core.exception.StepFailedException: Unable to click on object 'Object Repository/Page_Customer Chirag/Page_Amazon.com alexa/ProductToClick' (Root cause: com.kms.katalon.core.webui.exception.WebElementNotFoundException: Web element with id: 'Object Repository/Page_Customer Chirag/Page_Amazon.com alexa/ProductToClick' located by 'By.xpath: //h2[@data-attribute = 'mhgjg' and (text() = 'Schlage Z-Wave Connect Camelot Touchscreen Deadbolt with Built-In Alarm, Satin Nickel, BE469 CAM 619, Works with Alexa via SmartThings, Wink or Iris' or . = 'Schlage Z-Wave Connect Camelot Touchscreen Deadbolt with Built-In Alarm, Satin Nickel, BE469 CAM 619, Works with Alexa via SmartThings, Wink or Iris')]' not found)
	at com.kms.katalon.core.keyword.internal.KeywordMain.stepFailed(KeywordMain.groovy:36)
	at com.kms.katalon.core.webui.keyword.internal.WebUIKeywordMain.stepFailed(WebUIKeywordMain.groovy:65)
	at com.kms.katalon.core.webui.keyword.internal.WebUIKeywordMain.runKeyword(WebUIKeywordMain.groovy:27)
	at com.kms.katalon.core.webui.keyword.builtin.ClickKeyword.click(ClickKeyword.groovy:86)
	at com.kms.katalon.core.webui.keyword.builtin.ClickKeyword.execute(ClickKeyword.groovy:67)
	at com.kms.katalon.core.keyword.internal.KeywordExecutor.executeKeywordForPlatform(KeywordExecutor.groovy:53)
	at com.kms.katalon.core.webui.keyword.WebUiBuiltInKeywords.click(WebUiBuiltInKeywords.groovy:616)
	at com.kms.katalon.core.webui.keyword.WebUiBuiltInKeywords$click$2.call(Unknown Source)
	at Test1By Chirag.run(Test1By Chirag:39)
	at com.kms.katalon.core.main.ScriptEngine.run(ScriptEngine.java:194)
	at com.kms.katalon.core.main.ScriptEngine.runScriptAsRawText(ScriptEngine.java:119)
	at com.kms.katalon.core.main.TestCaseExecutor.runScript(TestCaseExecutor.java:328)
	at com.kms.katalon.core.main.TestCaseExecutor.doExecute(TestCaseExecutor.java:319)
	at com.kms.katalon.core.main.TestCaseExecutor.processExecutionPhase(TestCaseExecutor.java:298)
	at com.kms.katalon.core.main.TestCaseExecutor.accessMainPhase(TestCaseExecutor.java:290)
	at com.kms.katalon.core.main.TestCaseExecutor.execute(TestCaseExecutor.java:224)
	at com.kms.katalon.core.main.TestSuiteExecutor.accessTestCaseMainPhase(TestSuiteExecutor.java:129)
	at com.kms.katalon.core.main.TestSuiteExecutor.accessTestSuiteMainPhase(TestSuiteExecutor.java:112)
	at com.kms.katalon.core.main.TestSuiteExecutor.execute(TestSuiteExecutor.java:81)
	at com.kms.katalon.core.main.TestCaseMain.startTestSuite(TestCaseMain.java:149)
	at com.kms.katalon.core.main.TestCaseMain$startTestSuite$0.call(Unknown Source)
	at TempTestSuite1551877120751.run(TempTestSuite1551877120751.groovy:36)]]></system-err>
      </testcase>
      <testcase name="Test Cases/Test1By Chirag" classname="Test Cases/Test1By Chirag" status="FAILED">
         <failure type="FAILED" message="Test Cases/Test1By Chirag FAILED.
Reason:
com.kms.katalon.core.exception.StepFailedException: Unable to click on object 'Object Repository/Page_Customer Chirag/Page_Amazon.com alexa/ProductToClick' (Root cause: com.kms.katalon.core.webui.exception.WebElementNotFoundException: Web element with id: 'Object Repository/Page_Customer Chirag/Page_Amazon.com alexa/ProductToClick' located by 'By.xpath: //h2[@data-attribute = 'mhgjg' and (text() = 'Schlage Z-Wave Connect Camelot Touchscreen Deadbolt with Built-In Alarm, Satin Nickel, BE469 CAM 619, Works with Alexa via SmartThings, Wink or Iris' or . = 'Schlage Z-Wave Connect Camelot Touchscreen Deadbolt with Built-In Alarm, Satin Nickel, BE469 CAM 619, Works with Alexa via SmartThings, Wink or Iris')]' not found)
	at com.kms.katalon.core.keyword.internal.KeywordMain.stepFailed(KeywordMain.groovy:36)
	at com.kms.katalon.core.webui.keyword.internal.WebUIKeywordMain.stepFailed(WebUIKeywordMain.groovy:65)
	at com.kms.katalon.core.webui.keyword.internal.WebUIKeywordMain.runKeyword(WebUIKeywordMain.groovy:27)
	at com.kms.katalon.core.webui.keyword.builtin.ClickKeyword.click(ClickKeyword.groovy:86)
	at com.kms.katalon.core.webui.keyword.builtin.ClickKeyword.execute(ClickKeyword.groovy:67)
	at com.kms.katalon.core.keyword.internal.KeywordExecutor.executeKeywordForPlatform(KeywordExecutor.groovy:53)
	at com.kms.katalon.core.webui.keyword.WebUiBuiltInKeywords.click(WebUiBuiltInKeywords.groovy:616)
	at com.kms.katalon.core.webui.keyword.WebUiBuiltInKeywords$click$2.call(Unknown Source)
	at Test1By Chirag.run(Test1By Chirag:39)
	at com.kms.katalon.core.main.ScriptEngine.run(ScriptEngine.java:194)
	at com.kms.katalon.core.main.ScriptEngine.runScriptAsRawText(ScriptEngine.java:119)
	at com.kms.katalon.core.main.TestCaseExecutor.runScript(TestCaseExecutor.java:328)
	at com.kms.katalon.core.main.TestCaseExecutor.doExecute(TestCaseExecutor.java:319)
	at com.kms.katalon.core.main.TestCaseExecutor.processExecutionPhase(TestCaseExecutor.java:298)
	at com.kms.katalon.core.main.TestCaseExecutor.accessMainPhase(TestCaseExecutor.java:290)
	at com.kms.katalon.core.main.TestCaseExecutor.execute(TestCaseExecutor.java:224)
	at com.kms.katalon.core.main.TestSuiteExecutor.accessTestCaseMainPhase(TestSuiteExecutor.java:129)
	at com.kms.katalon.core.main.TestSuiteExecutor.accessTestSuiteMainPhase(TestSuiteExecutor.java:112)
	at com.kms.katalon.core.main.TestSuiteExecutor.execute(TestSuiteExecutor.java:81)
	at com.kms.katalon.core.main.TestCaseMain.startTestSuite(TestCaseMain.java:149)
	at com.kms.katalon.core.main.TestCaseMain$startTestSuite$0.call(Unknown Source)
	at TempTestSuite1551877120751.run(TempTestSuite1551877120751.groovy:36)
"/>
         <system-out><![CDATA[2019-03-06 18:30:39 - [TEST_CASE][FAILED] - Test Cases/Test1By Chirag: Test Cases/Test1By Chirag FAILED.
Reason:
com.kms.katalon.core.exception.StepFailedException: Unable to click on object 'Object Repository/Page_Customer Chirag/Page_Amazon.com alexa/ProductToClick' (Root cause: com.kms.katalon.core.webui.exception.WebElementNotFoundException: Web element with id: 'Object Repository/Page_Customer Chirag/Page_Amazon.com alexa/ProductToClick' located by 'By.xpath: //h2[@data-attribute = 'mhgjg' and (text() = 'Schlage Z-Wave Connect Camelot Touchscreen Deadbolt with Built-In Alarm, Satin Nickel, BE469 CAM 619, Works with Alexa via SmartThings, Wink or Iris' or . = 'Schlage Z-Wave Connect Camelot Touchscreen Deadbolt with Built-In Alarm, Satin Nickel, BE469 CAM 619, Works with Alexa via SmartThings, Wink or Iris')]' not found)
	at com.kms.katalon.core.keyword.internal.KeywordMain.stepFailed(KeywordMain.groovy:36)
	at com.kms.katalon.core.webui.keyword.internal.WebUIKeywordMain.stepFailed(WebUIKeywordMain.groovy:65)
	at com.kms.katalon.core.webui.keyword.internal.WebUIKeywordMain.runKeyword(WebUIKeywordMain.groovy:27)
	at com.kms.katalon.core.webui.keyword.builtin.ClickKeyword.click(ClickKeyword.groovy:86)
	at com.kms.katalon.core.webui.keyword.builtin.ClickKeyword.execute(ClickKeyword.groovy:67)
	at com.kms.katalon.core.keyword.internal.KeywordExecutor.executeKeywordForPlatform(KeywordExecutor.groovy:53)
	at com.kms.katalon.core.webui.keyword.WebUiBuiltInKeywords.click(WebUiBuiltInKeywords.groovy:616)
	at com.kms.katalon.core.webui.keyword.WebUiBuiltInKeywords$click$2.call(Unknown Source)
	at Test1By Chirag.run(Test1By Chirag:39)
	at com.kms.katalon.core.main.ScriptEngine.run(ScriptEngine.java:194)
	at com.kms.katalon.core.main.ScriptEngine.runScriptAsRawText(ScriptEngine.java:119)
	at com.kms.katalon.core.main.TestCaseExecutor.runScript(TestCaseExecutor.java:328)
	at com.kms.katalon.core.main.TestCaseExecutor.doExecute(TestCaseExecutor.java:319)
	at com.kms.katalon.core.main.TestCaseExecutor.processExecutionPhase(TestCaseExecutor.java:298)
	at com.kms.katalon.core.main.TestCaseExecutor.accessMainPhase(TestCaseExecutor.java:290)
	at com.kms.katalon.core.main.TestCaseExecutor.execute(TestCaseExecutor.java:224)
	at com.kms.katalon.core.main.TestSuiteExecutor.accessTestCaseMainPhase(TestSuiteExecutor.java:129)
	at com.kms.katalon.core.main.TestSuiteExecutor.accessTestSuiteMainPhase(TestSuiteExecutor.java:112)
	at com.kms.katalon.core.main.TestSuiteExecutor.execute(TestSuiteExecutor.java:81)
	at com.kms.katalon.core.main.TestCaseMain.startTestSuite(TestCaseMain.java:149)
	at com.kms.katalon.core.main.TestCaseMain$startTestSuite$0.call(Unknown Source)
	at TempTestSuite1551877120751.run(TempTestSuite1551877120751.groovy:36)


2019-03-06 18:30:39 - [TEST_STEP][PASSED] - openBrowser("https://www.amazon.com/"): Browser is opened with url: 'https://www.amazon.com/'

2019-03-06 18:30:39 - [MESSAGE][WARNING] - A browser is already opened. Closing browser and opening a new one

2019-03-06 18:30:41 - [MESSAGE][INFO] - Starting 'Firefox' driver

2019-03-06 18:30:50 - [MESSAGE][PASSED] - Browser is opened with url: 'https://www.amazon.com/'

2019-03-06 18:30:50 - [TEST_STEP][PASSED] - navigateToUrl("https://www.amazon.com/"): Navigate to 'https://www.amazon.com/' successfully

2019-03-06 18:30:51 - [MESSAGE][PASSED] - Navigate to 'https://www.amazon.com/' successfully

2019-03-06 18:30:51 - [TEST_STEP][PASSED] - for ([rownum = 1, rownum <= findTestData("First Test/1st").getRowNumbers(), (rownum++)]): null

2019-03-06 18:30:51 - [TEST_STEP][PASSED] - setText(findTestObject("Page_Customer Chirag/Page_Amazon.com Online Shopping for/SearchInput"), findTestData("First Test/1st").getValue(1, rownum)): Text 'alexa' is set on object 'Object Repository/Page_Customer Chirag/Page_Amazon.com Online Shopping for/SearchInput'

2019-03-06 18:30:51 - [MESSAGE][PASSED] - Text 'alexa' is set on object 'Object Repository/Page_Customer Chirag/Page_Amazon.com Online Shopping for/SearchInput'

2019-03-06 18:30:51 - [TEST_STEP][PASSED] - Thread.sleep(200): null

2019-03-06 18:30:52 - [TEST_STEP][PASSED] - setText(findTestObject("Page_Customer Chirag/Page_Amazon.com Online Shopping for/SearchInput"), findTestData("First Test/1st").getValue(1, rownum)): Text 'top' is set on object 'Object Repository/Page_Customer Chirag/Page_Amazon.com Online Shopping for/SearchInput'

2019-03-06 18:30:52 - [MESSAGE][PASSED] - Text 'top' is set on object 'Object Repository/Page_Customer Chirag/Page_Amazon.com Online Shopping for/SearchInput'

2019-03-06 18:30:52 - [TEST_STEP][PASSED] - Thread.sleep(200): null

2019-03-06 18:30:52 - [TEST_STEP][PASSED] - setText(findTestObject("Page_Customer Chirag/Page_Amazon.com Online Shopping for/SearchInput"), findTestData("First Test/1st").getValue(1, rownum)): Text 'tV' is set on object 'Object Repository/Page_Customer Chirag/Page_Amazon.com Online Shopping for/SearchInput'

2019-03-06 18:30:52 - [MESSAGE][PASSED] - Text 'tV' is set on object 'Object Repository/Page_Customer Chirag/Page_Amazon.com Online Shopping for/SearchInput'

2019-03-06 18:30:52 - [TEST_STEP][PASSED] - Thread.sleep(200): null

2019-03-06 18:30:52 - [TEST_STEP][PASSED] - setText(findTestObject("Page_Customer Chirag/Page_Amazon.com Online Shopping for/SearchInput"), findTestData("First Test/1st").getValue(1, rownum)): Text 'Plasma' is set on object 'Object Repository/Page_Customer Chirag/Page_Amazon.com Online Shopping for/SearchInput'

2019-03-06 18:30:52 - [MESSAGE][PASSED] - Text 'Plasma' is set on object 'Object Repository/Page_Customer Chirag/Page_Amazon.com Online Shopping for/SearchInput'

2019-03-06 18:30:52 - [TEST_STEP][PASSED] - Thread.sleep(200): null

2019-03-06 18:30:53 - [TEST_STEP][PASSED] - setText(findTestObject("Page_Customer Chirag/Page_Amazon.com Online Shopping for/SearchInput"), findTestData("First Test/1st").getValue(1, rownum)): Text 'alexa bluetooth' is set on object 'Object Repository/Page_Customer Chirag/Page_Amazon.com Online Shopping for/SearchInput'

2019-03-06 18:30:53 - [MESSAGE][PASSED] - Text 'alexa bluetooth' is set on object 'Object Repository/Page_Customer Chirag/Page_Amazon.com Online Shopping for/SearchInput'

2019-03-06 18:30:53 - [TEST_STEP][PASSED] - Thread.sleep(200): null

2019-03-06 18:30:53 - [TEST_STEP][PASSED] - click(findTestObject("Page_Customer Chirag/Page_Amazon.com alexa/SearchIcon")): Object: 'Object Repository/Page_Customer Chirag/Page_Amazon.com alexa/SearchIcon' is clicked on

2019-03-06 18:30:57 - [MESSAGE][PASSED] - Object: 'Object Repository/Page_Customer Chirag/Page_Amazon.com alexa/SearchIcon' is clicked on

2019-03-06 18:30:57 - [TEST_STEP][PASSED] - sendKeys(findTestObject(null), Keys.chord(CONTROL, "a")): Keys 'CONTROL + a' sent to object: 'tempBody'

2019-03-06 18:30:57 - [MESSAGE][WARNING] - Test object id is null

2019-03-06 18:30:57 - [MESSAGE][WARNING] - Test object with id 'Object Repository/' does not exist

2019-03-06 18:30:57 - [MESSAGE][PASSED] - Keys 'CONTROL + a' sent to object: 'tempBody'

2019-03-06 18:30:57 - [TEST_STEP][PASSED] - itemlink = modifyObjectProperty(findTestObject("Page_Customer Chirag/Page_Amazon.com alexa/ProductToClick"), "data-attribute", "equals", findTestData("First Test/1st").getValue(2, 1), true): Modify property of object successfully

2019-03-06 18:30:57 - [MESSAGE][PASSED] - Modify property of object successfully

2019-03-06 18:30:57 - [TEST_STEP][FAILED] - click(itemlink): click(itemlink) FAILED.
Reason:
com.kms.katalon.core.exception.StepFailedException: Unable to click on object 'Object Repository/Page_Customer Chirag/Page_Amazon.com alexa/ProductToClick' (Root cause: com.kms.katalon.core.webui.exception.WebElementNotFoundException: Web element with id: 'Object Repository/Page_Customer Chirag/Page_Amazon.com alexa/ProductToClick' located by 'By.xpath: //h2[@data-attribute = 'mhgjg' and (text() = 'Schlage Z-Wave Connect Camelot Touchscreen Deadbolt with Built-In Alarm, Satin Nickel, BE469 CAM 619, Works with Alexa via SmartThings, Wink or Iris' or . = 'Schlage Z-Wave Connect Camelot Touchscreen Deadbolt with Built-In Alarm, Satin Nickel, BE469 CAM 619, Works with Alexa via SmartThings, Wink or Iris')]' not found)
	at com.kms.katalon.core.keyword.internal.KeywordMain.stepFailed(KeywordMain.groovy:36)
	at com.kms.katalon.core.webui.keyword.internal.WebUIKeywordMain.stepFailed(WebUIKeywordMain.groovy:65)
	at com.kms.katalon.core.webui.keyword.internal.WebUIKeywordMain.runKeyword(WebUIKeywordMain.groovy:27)
	at com.kms.katalon.core.webui.keyword.builtin.ClickKeyword.click(ClickKeyword.groovy:86)
	at com.kms.katalon.core.webui.keyword.builtin.ClickKeyword.execute(ClickKeyword.groovy:67)
	at com.kms.katalon.core.keyword.internal.KeywordExecutor.executeKeywordForPlatform(KeywordExecutor.groovy:53)
	at com.kms.katalon.core.webui.keyword.WebUiBuiltInKeywords.click(WebUiBuiltInKeywords.groovy:616)
	at com.kms.katalon.core.webui.keyword.WebUiBuiltInKeywords$click$2.call(Unknown Source)
	at Test1By Chirag.run(Test1By Chirag:39)
	at com.kms.katalon.core.main.ScriptEngine.run(ScriptEngine.java:194)
	at com.kms.katalon.core.main.ScriptEngine.runScriptAsRawText(ScriptEngine.java:119)
	at com.kms.katalon.core.main.TestCaseExecutor.runScript(TestCaseExecutor.java:328)
	at com.kms.katalon.core.main.TestCaseExecutor.doExecute(TestCaseExecutor.java:319)
	at com.kms.katalon.core.main.TestCaseExecutor.processExecutionPhase(TestCaseExecutor.java:298)
	at com.kms.katalon.core.main.TestCaseExecutor.accessMainPhase(TestCaseExecutor.java:290)
	at com.kms.katalon.core.main.TestCaseExecutor.execute(TestCaseExecutor.java:224)
	at com.kms.katalon.core.main.TestSuiteExecutor.accessTestCaseMainPhase(TestSuiteExecutor.java:129)
	at com.kms.katalon.core.main.TestSuiteExecutor.accessTestSuiteMainPhase(TestSuiteExecutor.java:112)
	at com.kms.katalon.core.main.TestSuiteExecutor.execute(TestSuiteExecutor.java:81)
	at com.kms.katalon.core.main.TestCaseMain.startTestSuite(TestCaseMain.java:149)
	at com.kms.katalon.core.main.TestCaseMain$startTestSuite$0.call(Unknown Source)
	at TempTestSuite1551877120751.run(TempTestSuite1551877120751.groovy:36)


2019-03-06 18:31:28 - [MESSAGE][INFO] - Unable to find the element located by 'By.xpath: //h2[@data-attribute = 'mhgjg' and (text() = 'Schlage Z-Wave Connect Camelot Touchscreen Deadbolt with Built-In Alarm, Satin Nickel, BE469 CAM 619, Works with Alexa via SmartThings, Wink or Iris' or . = 'Schlage Z-Wave Connect Camelot Touchscreen Deadbolt with Built-In Alarm, Satin Nickel, BE469 CAM 619, Works with Alexa via SmartThings, Wink or Iris')]'. Please recheck the objects properties to make sure the desired element is located. 

2019-03-06 18:31:28 - [MESSAGE][FAILED] - Unable to click on object 'Object Repository/Page_Customer Chirag/Page_Amazon.com alexa/ProductToClick' (Root cause: com.kms.katalon.core.webui.exception.WebElementNotFoundException: Web element with id: 'Object Repository/Page_Customer Chirag/Page_Amazon.com alexa/ProductToClick' located by 'By.xpath: //h2[@data-attribute = 'mhgjg' and (text() = 'Schlage Z-Wave Connect Camelot Touchscreen Deadbolt with Built-In Alarm, Satin Nickel, BE469 CAM 619, Works with Alexa via SmartThings, Wink or Iris' or . = 'Schlage Z-Wave Connect Camelot Touchscreen Deadbolt with Built-In Alarm, Satin Nickel, BE469 CAM 619, Works with Alexa via SmartThings, Wink or Iris')]' not found)
[[ATTACHMENT|D:\\Katlon Studio\\KatalonData\\Reports\\Test Suite for data driven\\20190306_182840\\1551877288661.png]]

2019-03-06 18:31:28 - [MESSAGE][FAILED] - click(itemlink) FAILED.
Reason:
com.kms.katalon.core.exception.StepFailedException: Unable to click on object 'Object Repository/Page_Customer Chirag/Page_Amazon.com alexa/ProductToClick' (Root cause: com.kms.katalon.core.webui.exception.WebElementNotFoundException: Web element with id: 'Object Repository/Page_Customer Chirag/Page_Amazon.com alexa/ProductToClick' located by 'By.xpath: //h2[@data-attribute = 'mhgjg' and (text() = 'Schlage Z-Wave Connect Camelot Touchscreen Deadbolt with Built-In Alarm, Satin Nickel, BE469 CAM 619, Works with Alexa via SmartThings, Wink or Iris' or . = 'Schlage Z-Wave Connect Camelot Touchscreen Deadbolt with Built-In Alarm, Satin Nickel, BE469 CAM 619, Works with Alexa via SmartThings, Wink or Iris')]' not found)
	at com.kms.katalon.core.keyword.internal.KeywordMain.stepFailed(KeywordMain.groovy:36)
	at com.kms.katalon.core.webui.keyword.internal.WebUIKeywordMain.stepFailed(WebUIKeywordMain.groovy:65)
	at com.kms.katalon.core.webui.keyword.internal.WebUIKeywordMain.runKeyword(WebUIKeywordMain.groovy:27)
	at com.kms.katalon.core.webui.keyword.builtin.ClickKeyword.click(ClickKeyword.groovy:86)
	at com.kms.katalon.core.webui.keyword.builtin.ClickKeyword.execute(ClickKeyword.groovy:67)
	at com.kms.katalon.core.keyword.internal.KeywordExecutor.executeKeywordForPlatform(KeywordExecutor.groovy:53)
	at com.kms.katalon.core.webui.keyword.WebUiBuiltInKeywords.click(WebUiBuiltInKeywords.groovy:616)
	at com.kms.katalon.core.webui.keyword.WebUiBuiltInKeywords$click$2.call(Unknown Source)
	at Test1By Chirag.run(Test1By Chirag:39)
	at com.kms.katalon.core.main.ScriptEngine.run(ScriptEngine.java:194)
	at com.kms.katalon.core.main.ScriptEngine.runScriptAsRawText(ScriptEngine.java:119)
	at com.kms.katalon.core.main.TestCaseExecutor.runScript(TestCaseExecutor.java:328)
	at com.kms.katalon.core.main.TestCaseExecutor.doExecute(TestCaseExecutor.java:319)
	at com.kms.katalon.core.main.TestCaseExecutor.processExecutionPhase(TestCaseExecutor.java:298)
	at com.kms.katalon.core.main.TestCaseExecutor.accessMainPhase(TestCaseExecutor.java:290)
	at com.kms.katalon.core.main.TestCaseExecutor.execute(TestCaseExecutor.java:224)
	at com.kms.katalon.core.main.TestSuiteExecutor.accessTestCaseMainPhase(TestSuiteExecutor.java:129)
	at com.kms.katalon.core.main.TestSuiteExecutor.accessTestSuiteMainPhase(TestSuiteExecutor.java:112)
	at com.kms.katalon.core.main.TestSuiteExecutor.execute(TestSuiteExecutor.java:81)
	at com.kms.katalon.core.main.TestCaseMain.startTestSuite(TestCaseMain.java:149)
	at com.kms.katalon.core.main.TestCaseMain$startTestSuite$0.call(Unknown Source)
	at TempTestSuite1551877120751.run(TempTestSuite1551877120751.groovy:36)]]></system-out>
         <system-err><![CDATA[2019-03-06 18:30:39 - [TEST_CASE][FAILED] - Test Cases/Test1By Chirag: Test Cases/Test1By Chirag FAILED.
Reason:
com.kms.katalon.core.exception.StepFailedException: Unable to click on object 'Object Repository/Page_Customer Chirag/Page_Amazon.com alexa/ProductToClick' (Root cause: com.kms.katalon.core.webui.exception.WebElementNotFoundException: Web element with id: 'Object Repository/Page_Customer Chirag/Page_Amazon.com alexa/ProductToClick' located by 'By.xpath: //h2[@data-attribute = 'mhgjg' and (text() = 'Schlage Z-Wave Connect Camelot Touchscreen Deadbolt with Built-In Alarm, Satin Nickel, BE469 CAM 619, Works with Alexa via SmartThings, Wink or Iris' or . = 'Schlage Z-Wave Connect Camelot Touchscreen Deadbolt with Built-In Alarm, Satin Nickel, BE469 CAM 619, Works with Alexa via SmartThings, Wink or Iris')]' not found)
	at com.kms.katalon.core.keyword.internal.KeywordMain.stepFailed(KeywordMain.groovy:36)
	at com.kms.katalon.core.webui.keyword.internal.WebUIKeywordMain.stepFailed(WebUIKeywordMain.groovy:65)
	at com.kms.katalon.core.webui.keyword.internal.WebUIKeywordMain.runKeyword(WebUIKeywordMain.groovy:27)
	at com.kms.katalon.core.webui.keyword.builtin.ClickKeyword.click(ClickKeyword.groovy:86)
	at com.kms.katalon.core.webui.keyword.builtin.ClickKeyword.execute(ClickKeyword.groovy:67)
	at com.kms.katalon.core.keyword.internal.KeywordExecutor.executeKeywordForPlatform(KeywordExecutor.groovy:53)
	at com.kms.katalon.core.webui.keyword.WebUiBuiltInKeywords.click(WebUiBuiltInKeywords.groovy:616)
	at com.kms.katalon.core.webui.keyword.WebUiBuiltInKeywords$click$2.call(Unknown Source)
	at Test1By Chirag.run(Test1By Chirag:39)
	at com.kms.katalon.core.main.ScriptEngine.run(ScriptEngine.java:194)
	at com.kms.katalon.core.main.ScriptEngine.runScriptAsRawText(ScriptEngine.java:119)
	at com.kms.katalon.core.main.TestCaseExecutor.runScript(TestCaseExecutor.java:328)
	at com.kms.katalon.core.main.TestCaseExecutor.doExecute(TestCaseExecutor.java:319)
	at com.kms.katalon.core.main.TestCaseExecutor.processExecutionPhase(TestCaseExecutor.java:298)
	at com.kms.katalon.core.main.TestCaseExecutor.accessMainPhase(TestCaseExecutor.java:290)
	at com.kms.katalon.core.main.TestCaseExecutor.execute(TestCaseExecutor.java:224)
	at com.kms.katalon.core.main.TestSuiteExecutor.accessTestCaseMainPhase(TestSuiteExecutor.java:129)
	at com.kms.katalon.core.main.TestSuiteExecutor.accessTestSuiteMainPhase(TestSuiteExecutor.java:112)
	at com.kms.katalon.core.main.TestSuiteExecutor.execute(TestSuiteExecutor.java:81)
	at com.kms.katalon.core.main.TestCaseMain.startTestSuite(TestCaseMain.java:149)
	at com.kms.katalon.core.main.TestCaseMain$startTestSuite$0.call(Unknown Source)
	at TempTestSuite1551877120751.run(TempTestSuite1551877120751.groovy:36)]]></system-err>
      </testcase>
      <system-out><![CDATA[2019-03-06 18:28:43 - [TEST_SUITE][FAILED] - Test Suite for data driven: Test Cases/Test1By Chirag FAILED.
Reason:
com.kms.katalon.core.exception.StepFailedException: Unable to set text 'alexa' of object 'Object Repository/Page_Customer Chirag/Page_Amazon.com Online Shopping for/SearchInput' (Root cause: org.openqa.selenium.WebDriverException: Failed to decode response from marionette
Build info: version: '3.7.1', revision: '8a0099a', time: '2017-11-06T21:07:36.161Z'
System info: host: 'RACLAP23-COMP', ip: '192.168.4.30', os.name: 'Windows 10', os.arch: 'amd64', os.version: '10.0', java.version: '1.8.0_181'
Driver info: com.kms.katalon.core.webui.driver.firefox.CGeckoDriver
Capabilities {acceptInsecureCerts: true, browserName: firefox, browserVersion: 65.0, javascriptEnabled: true, moz:accessibilityChecks: false, moz:geckodriverVersion: 0.23.0, moz:headless: false, moz:processID: 9428, moz:profile: C:\Users\chirag.jain\AppDat..., moz:shutdownTimeout: 60000, moz:useNonSpecCompliantPointerOrigin: false, moz:webdriverClick: true, pageLoadStrategy: normal, platform: WINDOWS, platformName: WINDOWS, platformVersion: 10.0, proxy: Proxy(direct), rotatable: false, setWindowRect: true, strictFileInteractability: false, timeouts: {implicit: 0, pageLoad: 300000, script: 30000}, unhandledPromptBehavior: dismiss and notify}
Session ID: 59943abd-4124-4563-81e9-9b72c4269054
*** Element info: {Using=xpath, value=//input[@id='twotabsearchtextbox']})
	at com.kms.katalon.core.keyword.internal.KeywordMain.stepFailed(KeywordMain.groovy:36)
	at com.kms.katalon.core.webui.keyword.internal.WebUIKeywordMain.stepFailed(WebUIKeywordMain.groovy:65)
	at com.kms.katalon.core.webui.keyword.internal.WebUIKeywordMain.runKeyword(WebUIKeywordMain.groovy:27)
	at com.kms.katalon.core.webui.keyword.builtin.SetTextKeyword.setText(SetTextKeyword.groovy:65)
	at com.kms.katalon.core.webui.keyword.builtin.SetTextKeyword.execute(SetTextKeyword.groovy:37)
	at com.kms.katalon.core.keyword.internal.KeywordExecutor.executeKeywordForPlatform(KeywordExecutor.groovy:53)
	at com.kms.katalon.core.webui.keyword.WebUiBuiltInKeywords.setText(WebUiBuiltInKeywords.groovy:950)
	at com.kms.katalon.core.webui.keyword.WebUiBuiltInKeywords$setText$1.call(Unknown Source)
	at Test1By Chirag.run(Test1By Chirag:25)
	at com.kms.katalon.core.main.ScriptEngine.run(ScriptEngine.java:194)
	at com.kms.katalon.core.main.ScriptEngine.runScriptAsRawText(ScriptEngine.java:119)
	at com.kms.katalon.core.main.TestCaseExecutor.runScript(TestCaseExecutor.java:328)
	at com.kms.katalon.core.main.TestCaseExecutor.doExecute(TestCaseExecutor.java:319)
	at com.kms.katalon.core.main.TestCaseExecutor.processExecutionPhase(TestCaseExecutor.java:298)
	at com.kms.katalon.core.main.TestCaseExecutor.accessMainPhase(TestCaseExecutor.java:290)
	at com.kms.katalon.core.main.TestCaseExecutor.execute(TestCaseExecutor.java:224)
	at com.kms.katalon.core.main.TestSuiteExecutor.accessTestCaseMainPhase(TestSuiteExecutor.java:129)
	at com.kms.katalon.core.main.TestSuiteExecutor.accessTestSuiteMainPhase(TestSuiteExecutor.java:112)
	at com.kms.katalon.core.main.TestSuiteExecutor.execute(TestSuiteExecutor.java:81)
	at com.kms.katalon.core.main.TestCaseMain.startTestSuite(TestCaseMain.java:149)
	at com.kms.katalon.core.main.TestCaseMain$startTestSuite$0.call(Unknown Source)
	at TempTestSuite1551877120751.run(TempTestSuite1551877120751.groovy:36)]]></system-out>
      <system-err><![CDATA[2019-03-06 18:28:43 - [TEST_SUITE][FAILED] - Test Suite for data driven: Test Cases/Test1By Chirag FAILED.
Reason:
com.kms.katalon.core.exception.StepFailedException: Unable to set text 'alexa' of object 'Object Repository/Page_Customer Chirag/Page_Amazon.com Online Shopping for/SearchInput' (Root cause: org.openqa.selenium.WebDriverException: Failed to decode response from marionette
Build info: version: '3.7.1', revision: '8a0099a', time: '2017-11-06T21:07:36.161Z'
System info: host: 'RACLAP23-COMP', ip: '192.168.4.30', os.name: 'Windows 10', os.arch: 'amd64', os.version: '10.0', java.version: '1.8.0_181'
Driver info: com.kms.katalon.core.webui.driver.firefox.CGeckoDriver
Capabilities {acceptInsecureCerts: true, browserName: firefox, browserVersion: 65.0, javascriptEnabled: true, moz:accessibilityChecks: false, moz:geckodriverVersion: 0.23.0, moz:headless: false, moz:processID: 9428, moz:profile: C:\Users\chirag.jain\AppDat..., moz:shutdownTimeout: 60000, moz:useNonSpecCompliantPointerOrigin: false, moz:webdriverClick: true, pageLoadStrategy: normal, platform: WINDOWS, platformName: WINDOWS, platformVersion: 10.0, proxy: Proxy(direct), rotatable: false, setWindowRect: true, strictFileInteractability: false, timeouts: {implicit: 0, pageLoad: 300000, script: 30000}, unhandledPromptBehavior: dismiss and notify}
Session ID: 59943abd-4124-4563-81e9-9b72c4269054
*** Element info: {Using=xpath, value=//input[@id='twotabsearchtextbox']})
	at com.kms.katalon.core.keyword.internal.KeywordMain.stepFailed(KeywordMain.groovy:36)
	at com.kms.katalon.core.webui.keyword.internal.WebUIKeywordMain.stepFailed(WebUIKeywordMain.groovy:65)
	at com.kms.katalon.core.webui.keyword.internal.WebUIKeywordMain.runKeyword(WebUIKeywordMain.groovy:27)
	at com.kms.katalon.core.webui.keyword.builtin.SetTextKeyword.setText(SetTextKeyword.groovy:65)
	at com.kms.katalon.core.webui.keyword.builtin.SetTextKeyword.execute(SetTextKeyword.groovy:37)
	at com.kms.katalon.core.keyword.internal.KeywordExecutor.executeKeywordForPlatform(KeywordExecutor.groovy:53)
	at com.kms.katalon.core.webui.keyword.WebUiBuiltInKeywords.setText(WebUiBuiltInKeywords.groovy:950)
	at com.kms.katalon.core.webui.keyword.WebUiBuiltInKeywords$setText$1.call(Unknown Source)
	at Test1By Chirag.run(Test1By Chirag:25)
	at com.kms.katalon.core.main.ScriptEngine.run(ScriptEngine.java:194)
	at com.kms.katalon.core.main.ScriptEngine.runScriptAsRawText(ScriptEngine.java:119)
	at com.kms.katalon.core.main.TestCaseExecutor.runScript(TestCaseExecutor.java:328)
	at com.kms.katalon.core.main.TestCaseExecutor.doExecute(TestCaseExecutor.java:319)
	at com.kms.katalon.core.main.TestCaseExecutor.processExecutionPhase(TestCaseExecutor.java:298)
	at com.kms.katalon.core.main.TestCaseExecutor.accessMainPhase(TestCaseExecutor.java:290)
	at com.kms.katalon.core.main.TestCaseExecutor.execute(TestCaseExecutor.java:224)
	at com.kms.katalon.core.main.TestSuiteExecutor.accessTestCaseMainPhase(TestSuiteExecutor.java:129)
	at com.kms.katalon.core.main.TestSuiteExecutor.accessTestSuiteMainPhase(TestSuiteExecutor.java:112)
	at com.kms.katalon.core.main.TestSuiteExecutor.execute(TestSuiteExecutor.java:81)
	at com.kms.katalon.core.main.TestCaseMain.startTestSuite(TestCaseMain.java:149)
	at com.kms.katalon.core.main.TestCaseMain$startTestSuite$0.call(Unknown Source)
	at TempTestSuite1551877120751.run(TempTestSuite1551877120751.groovy:36)]]></system-err>
   </testsuite>
</testsuites>
